This is pdfTeXk, Version 3.141592-1.40.3 (Web2C 7.5.6) (format=pdflatex 2008.2.29)  4 JUL 2014 21:05
entering extended mode
\write18 enabled.
 %&-line parsing enabled.
**thesis.tex
(./thesis.tex
LaTeX2e <2005/12/01>
Babel <v3.8h> and hyphenation patterns for english, usenglishmax, dumylang, noh
yphenation, arabic, basque, bulgarian, coptic, welsh, czech, slovak, german, ng
erman, danish, esperanto, spanish, catalan, galician, estonian, farsi, finnish,
 french, greek, monogreek, ancientgreek, croatian, hungarian, interlingua, ibyc
us, indonesian, icelandic, italian, latin, mongolian, dutch, norsk, polish, por
tuguese, pinyin, romanian, russian, slovenian, uppersorbian, serbian, swedish, 
turkish, ukenglish, ukrainian, loaded.
(./isuthesis.cls
Document Class: isuthesis 2011/02/14 v1.03 (Joe Struss)
Document Class: isuthesis 2011/02/14
(/usr/local/texlive/2007/texmf-dist/tex/latex/base/report.cls
Document Class: report 2005/09/16 v1.4f Standard LaTeX document class
(/usr/local/texlive/2007/texmf-dist/tex/latex/base/size11.clo
File: size11.clo 2005/09/16 v1.4f Standard LaTeX file (size option)
)
\c@part=\count79
\c@chapter=\count80
\c@section=\count81
\c@subsection=\count82
\c@subsubsection=\count83
\c@paragraph=\count84
\c@subparagraph=\count85
\c@figure=\count86
\c@table=\count87
\abovecaptionskip=\skip41
\belowcaptionskip=\skip42
\bibindent=\dimen102
)
(/usr/local/texlive/2007/texmf-dist/tex/latex/geometry/geometry.sty
Package: geometry 2002/07/08 v3.2 Page Geometry

(/usr/local/texlive/2007/texmf-dist/tex/latex/graphics/keyval.sty
Package: keyval 1999/03/16 v1.13 key=value parser (DPC)
\KV@toks@=\toks14
)
\Gm@cnth=\count88
\Gm@cntv=\count89
\c@Gm@tempcnt=\count90
\Gm@bindingoffset=\dimen103
\Gm@wd@mp=\dimen104
\Gm@odd@mp=\dimen105
\Gm@even@mp=\dimen106
\Gm@dimlist=\toks15

(/usr/local/texlive/2007/texmf-dist/tex/xelatex/xetexconfig/geometry.cfg))
\captionwidth=\dimen107
\@deptnum=\count91
\@majornum=\count92
\@numcomm=\count93
\@signwidth=\dimen108
\signdeptnum=\count94
\signmajornum=\count95
\@linecount=\count96
)
(/usr/local/texlive/2007/texmf-dist/tex/latex/graphics/graphicx.sty
Package: graphicx 1999/02/16 v1.0f Enhanced LaTeX Graphics (DPC,SPQR)

(/usr/local/texlive/2007/texmf-dist/tex/latex/graphics/graphics.sty
Package: graphics 2006/02/20 v1.0o Standard LaTeX Graphics (DPC,SPQR)

(/usr/local/texlive/2007/texmf-dist/tex/latex/graphics/trig.sty
Package: trig 1999/03/16 v1.09 sin cos tan (DPC)
)
(/usr/local/texlive/2007/texmf/tex/latex/config/graphics.cfg
File: graphics.cfg 2007/01/18 v1.5 graphics configuration of teTeX/TeXLive
)
Package graphics Info: Driver file: pdftex.def on input line 90.

(/usr/local/texlive/2007/texmf-dist/tex/latex/pdftex-def/pdftex.def
File: pdftex.def 2007/01/08 v0.04d Graphics/color for pdfTeX
\Gread@gobject=\count97
))
\Gin@req@height=\dimen109
\Gin@req@width=\dimen110
)
(./isutraditional.sty) (./rotating.sty
Package: rotating 1995/08/22 2.10 Rotation package

(/usr/local/texlive/2007/texmf-dist/tex/latex/base/ifthen.sty
Package: ifthen 2001/05/26 v1.1c Standard LaTeX ifthen package (DPC)
)
\r@tfl@t=\count98
\rot@float@box=\box26
) (./natbib.sty
Package: natbib 1996/06/17 6.3 (PWD)
\bibhang=\skip43
\bibsep=\skip44
LaTeX Info: Redefining \cite on input line 314.
\c@NAT@ctr=\count99
)
(/usr/local/texlive/2007/texmf-dist/tex/latex/graphics/color.sty
Package: color 2005/11/14 v1.0j Standard LaTeX Color (DPC)

(/usr/local/texlive/2007/texmf/tex/latex/config/color.cfg
File: color.cfg 2007/01/18 v1.5 color configuration of teTeX/TeXLive
)
Package color Info: Driver file: pdftex.def on input line 130.
)
(/usr/local/texlive/2007/texmf-dist/tex/latex/subfigure/subfigure.sty
Package: subfigure 2002/03/15 v2.1.5 subfigure package
\subfigtopskip=\skip45
\subfigcapskip=\skip46
\subfigcaptopadj=\dimen111
\subfigbottomskip=\skip47
\subfigcapmargin=\dimen112
\subfiglabelskip=\skip48
\c@subfigure=\count100
\c@lofdepth=\count101
\c@subtable=\count102
\c@lotdepth=\count103

****************************************
* Local config file subfigure.cfg used *
****************************************
(/usr/local/texlive/2007/texmf-dist/tex/latex/subfigure/subfigure.cfg)
\subfig@top=\skip49
\subfig@bottom=\skip50
)
(/usr/local/texlive/2007/texmf-dist/tex/latex/amsmath/amsmath.sty
Package: amsmath 2000/07/18 v2.13 AMS math features
\@mathmargin=\skip51

For additional information on amsmath, use the `?' option.
(/usr/local/texlive/2007/texmf-dist/tex/latex/amsmath/amstext.sty
Package: amstext 2000/06/29 v2.01

(/usr/local/texlive/2007/texmf-dist/tex/latex/amsmath/amsgen.sty
File: amsgen.sty 1999/11/30 v2.0
\@emptytoks=\toks16
\ex@=\dimen113
))
(/usr/local/texlive/2007/texmf-dist/tex/latex/amsmath/amsbsy.sty
Package: amsbsy 1999/11/29 v1.2d
\pmbraise@=\dimen114
)
(/usr/local/texlive/2007/texmf-dist/tex/latex/amsmath/amsopn.sty
Package: amsopn 1999/12/14 v2.01 operator names
)
\inf@bad=\count104
LaTeX Info: Redefining \frac on input line 211.
\uproot@=\count105
\leftroot@=\count106
LaTeX Info: Redefining \overline on input line 307.
\classnum@=\count107
\DOTSCASE@=\count108
LaTeX Info: Redefining \ldots on input line 379.
LaTeX Info: Redefining \dots on input line 382.
LaTeX Info: Redefining \cdots on input line 467.
\Mathstrutbox@=\box27
\strutbox@=\box28
\big@size=\dimen115
LaTeX Font Info:    Redeclaring font encoding OML on input line 567.
LaTeX Font Info:    Redeclaring font encoding OMS on input line 568.
\macc@depth=\count109
\c@MaxMatrixCols=\count110
\dotsspace@=\muskip10
\c@parentequation=\count111
\dspbrk@lvl=\count112
\tag@help=\toks17
\row@=\count113
\column@=\count114
\maxfields@=\count115
\andhelp@=\toks18
\eqnshift@=\dimen116
\alignsep@=\dimen117
\tagshift@=\dimen118
\tagwidth@=\dimen119
\totwidth@=\dimen120
\lineht@=\dimen121
\@envbody=\toks19
\multlinegap=\skip52
\multlinetaggap=\skip53
\mathdisplay@stack=\toks20
LaTeX Info: Redefining \[ on input line 2666.
LaTeX Info: Redefining \] on input line 2667.
)
(/usr/local/texlive/2007/texmf-dist/tex/latex/amsfonts/amssymb.sty
Package: amssymb 2002/01/22 v2.2d

(/usr/local/texlive/2007/texmf-dist/tex/latex/amsfonts/amsfonts.sty
Package: amsfonts 2001/10/25 v2.2f
\symAMSa=\mathgroup4
\symAMSb=\mathgroup5
LaTeX Font Info:    Overwriting math alphabet `\mathfrak' in version `bold'
(Font)                  U/euf/m/n --> U/euf/b/n on input line 132.
))
(/usr/local/texlive/2007/texmf-dist/tex/latex/preprint/fullpage.sty
Package: fullpage 1999/02/23 1.1 (PWD)
\FP@margin=\skip54
)
(/usr/local/texlive/2007/texmf-dist/tex/latex/amscls/amsthm.sty
Package: amsthm 2004/08/06 v2.20
\thm@style=\toks21
\thm@bodyfont=\toks22
\thm@headfont=\toks23
\thm@notefont=\toks24
\thm@headpunct=\toks25
\thm@preskip=\skip55
\thm@postskip=\skip56
\thm@headsep=\skip57
\dth@everypar=\toks26
)
(/usr/local/texlive/2007/texmf-dist/tex/latex/tools/array.sty
Package: array 2005/08/23 v2.4b Tabular extension package (FMi)
\col@sep=\dimen122
\extrarowheight=\dimen123
\NC@list=\toks27
\extratabsurround=\skip58
\backup@length=\skip59
)
(/usr/local/texlive/2007/texmf-dist/tex/latex/algorithm2e/algorithm2e.sty
Package: algorithm2e 2005/10/04 v3.9 algorithms environments
\c@AlgoLine=\count116

(/usr/local/texlive/2007/texmf-dist/tex/latex/tools/xspace.sty
Package: xspace 2006/05/08 v1.12 Space after command names (DPC,MH)
)
********************************************************
Package `algorithm2e' Release 3.9 -- october 04 2005 --
- algorithm2e-announce@lirmm.fr mailing list for announcement about releases
- algorithm2e-discussion@lirmm.fr mailing list for discussion about package
subscribe by emailing sympa@lirmm.fr with 'subscribe <list> <firstname name>'
- Author: Christophe Fiorio (fiorio@lirmm.fr)
********************************************************
\skiptotal=\skip60
\skiprule=\skip61
\skiphlne=\skip62
\skiptext=\skip63
\skiplength=\skip64
\algomargin=\skip65
\skipalgocfslide=\skip66
\algowidth=\dimen124
\inoutsize=\dimen125
\inoutline=\dimen126
\algocf@inoutbox=\box29
\algocf@inputbox=\box30
\AlCapSkip=\skip67
\AlCapHSkip=\skip68
\algocf@capbox=\box31
\c@algocfline=\count117
\c@algocf=\count118
\algocf@algoframe=\box32
\algocf@algobox=\box33
) (/usr/local/texlive/2007/texmf-dist/tex/latex/hyperref/hyperref.sty
Package: hyperref 2007/02/07 v6.75r Hypertext links for LaTeX
\@linkdim=\dimen127
\Hy@linkcounter=\count119
\Hy@pagecounter=\count120

(/usr/local/texlive/2007/texmf-dist/tex/latex/hyperref/pd1enc.def
File: pd1enc.def 2007/02/07 v6.75r Hyperref: PDFDocEncoding definition (HO)
)
(/usr/local/texlive/2007/texmf/tex/latex/config/hyperref.cfg
File: hyperref.cfg 2002/06/06 v1.2 hyperref configuration of TeXLive
)
(/usr/local/texlive/2007/texmf-dist/tex/latex/oberdiek/kvoptions.sty
Package: kvoptions 2006/08/22 v2.4 Connects package keyval with LaTeX options (
HO)
)
Package hyperref Info: Option `hypertexnames' set `false' on input line 2238.
Package hyperref Info: Option `linktocpage' set `true' on input line 2238.
Package hyperref Info: Hyper figures OFF on input line 2288.
Package hyperref Info: Link nesting OFF on input line 2293.
Package hyperref Info: Hyper index ON on input line 2296.
Package hyperref Info: Plain pages OFF on input line 2303.
Package hyperref Info: Backreferencing OFF on input line 2308.

Implicit mode ON; LaTeX internals redefined
Package hyperref Info: Bookmarks ON on input line 2444.
(/usr/local/texlive/2007/texmf-dist/tex/latex/ltxmisc/url.sty
\Urlmuskip=\muskip11
Package: url 2005/06/27  ver 3.2  Verb mode for urls, etc.
)
LaTeX Info: Redefining \url on input line 2599.
\Fld@menulength=\count121
\Field@Width=\dimen128
\Fld@charsize=\dimen129
\Choice@toks=\toks28
\Field@toks=\toks29
Package hyperref Info: Hyper figures OFF on input line 3102.
Package hyperref Info: Link nesting OFF on input line 3107.
Package hyperref Info: Hyper index ON on input line 3110.
Package hyperref Info: backreferencing OFF on input line 3117.
Package hyperref Info: Link coloring OFF on input line 3122.
\Hy@abspage=\count122
\c@Item=\count123
\c@Hfootnote=\count124
)
*hyperref using driver hpdftex*
(/usr/local/texlive/2007/texmf-dist/tex/latex/hyperref/hpdftex.def
File: hpdftex.def 2007/02/07 v6.75r Hyperref driver for pdfTeX
\Fld@listcount=\count125
)
Package hyperref Info: Option `colorlinks' set `true' on input line 19.
Package hyperref Info: Option `bookmarksnumbered' set `true' on input line 19.

(/usr/local/texlive/2007/texmf-dist/tex/latex/lm/lmodern.sty
Package: lmodern 2007/01/14 v1.3 Latin Modern Fonts
LaTeX Font Info:    Overwriting symbol font `operators' in version `normal'
(Font)                  OT1/cmr/m/n --> OT1/lmr/m/n on input line 13.
LaTeX Font Info:    Overwriting symbol font `letters' in version `normal'
(Font)                  OML/cmm/m/it --> OML/lmm/m/it on input line 14.
LaTeX Font Info:    Overwriting symbol font `symbols' in version `normal'
(Font)                  OMS/cmsy/m/n --> OMS/lmsy/m/n on input line 15.
LaTeX Font Info:    Overwriting symbol font `largesymbols' in version `normal'
(Font)                  OMX/cmex/m/n --> OMX/lmex/m/n on input line 16.
LaTeX Font Info:    Overwriting symbol font `operators' in version `bold'
(Font)                  OT1/cmr/bx/n --> OT1/lmr/bx/n on input line 17.
LaTeX Font Info:    Overwriting symbol font `letters' in version `bold'
(Font)                  OML/cmm/b/it --> OML/lmm/b/it on input line 18.
LaTeX Font Info:    Overwriting symbol font `symbols' in version `bold'
(Font)                  OMS/cmsy/b/n --> OMS/lmsy/b/n on input line 19.
LaTeX Font Info:    Overwriting symbol font `largesymbols' in version `bold'
(Font)                  OMX/cmex/m/n --> OMX/lmex/m/n on input line 20.
LaTeX Font Info:    Overwriting math alphabet `\mathbf' in version `normal'
(Font)                  OT1/cmr/bx/n --> OT1/lmr/bx/n on input line 22.
LaTeX Font Info:    Overwriting math alphabet `\mathsf' in version `normal'
(Font)                  OT1/cmss/m/n --> OT1/lmss/m/n on input line 23.
LaTeX Font Info:    Overwriting math alphabet `\mathit' in version `normal'
(Font)                  OT1/cmr/m/it --> OT1/lmr/m/it on input line 24.
LaTeX Font Info:    Overwriting math alphabet `\mathtt' in version `normal'
(Font)                  OT1/cmtt/m/n --> OT1/lmtt/m/n on input line 25.
LaTeX Font Info:    Overwriting math alphabet `\mathbf' in version `bold'
(Font)                  OT1/cmr/bx/n --> OT1/lmr/bx/n on input line 26.
LaTeX Font Info:    Overwriting math alphabet `\mathsf' in version `bold'
(Font)                  OT1/cmss/bx/n --> OT1/lmss/bx/n on input line 27.
LaTeX Font Info:    Overwriting math alphabet `\mathit' in version `bold'
(Font)                  OT1/cmr/bx/it --> OT1/lmr/bx/it on input line 28.
LaTeX Font Info:    Overwriting math alphabet `\mathtt' in version `bold'
(Font)                  OT1/cmtt/m/n --> OT1/lmtt/m/n on input line 29.
)
(/usr/local/texlive/2007/texmf-dist/tex/generic/ifxetex/ifxetex.sty
Package: ifxetex 2006/08/21 v0.3 Provides ifxetex conditional
)
(./ifluatex.sty
Package: ifluatex 2010/03/01 v1.3 Provides the ifluatex switch (HO)
Package ifluatex Info: LuaTeX not detected.
)
(/usr/local/texlive/2007/texmf-dist/tex/latex/base/fixltx2e.sty
Package: fixltx2e 2006/03/24 v1.1n fixes to LaTeX
LaTeX Info: Redefining \em on input line 420.
LaTeX Info: The control sequence `\[' is already robust on input line 471.
LaTeX Info: The control sequence `\]' is already robust on input line 472.
)
(/usr/local/texlive/2007/texmf-dist/tex/latex/base/fontenc.sty
Package: fontenc 2005/09/27 v1.99g Standard LaTeX package

(/usr/local/texlive/2007/texmf-dist/tex/latex/base/t1enc.def
File: t1enc.def 2005/09/27 v1.99g Standard LaTeX file
LaTeX Font Info:    Redeclaring font encoding T1 on input line 43.
))
(/usr/local/texlive/2007/texmf-dist/tex/latex/base/inputenc.sty
Package: inputenc 2006/05/05 v1.1b Input encoding file
\inpenc@prehook=\toks30
\inpenc@posthook=\toks31

(/usr/local/texlive/2007/texmf-dist/tex/latex/base/utf8.def
File: utf8.def 2006/03/30 v1.1i UTF-8 support for inputenc
Now handling font encoding OML ...
... no UTF-8 mapping file for font encoding OML
Now handling font encoding T1 ...
... processing UTF-8 mapping file for font encodingT1

(/usr/local/texlive/2007/texmf-dist/tex/latex/base/t1enc.dfu
File: t1enc.dfu 2006/03/30 v1.1i UTF-8 support for inputenc
   defining Unicode char U+00A1 (decimal 161)
   defining Unicode char U+00A3 (decimal 163)
   defining Unicode char U+00AB (decimal 171)
   defining Unicode char U+00BB (decimal 187)
   defining Unicode char U+00BF (decimal 191)
   defining Unicode char U+00C0 (decimal 192)
   defining Unicode char U+00C1 (decimal 193)
   defining Unicode char U+00C2 (decimal 194)
   defining Unicode char U+00C3 (decimal 195)
   defining Unicode char U+00C4 (decimal 196)
   defining Unicode char U+00C5 (decimal 197)
   defining Unicode char U+00C6 (decimal 198)
   defining Unicode char U+00C7 (decimal 199)
   defining Unicode char U+00C8 (decimal 200)
   defining Unicode char U+00C9 (decimal 201)
   defining Unicode char U+00CA (decimal 202)
   defining Unicode char U+00CB (decimal 203)
   defining Unicode char U+00CC (decimal 204)
   defining Unicode char U+00CD (decimal 205)
   defining Unicode char U+00CE (decimal 206)
   defining Unicode char U+00CF (decimal 207)
   defining Unicode char U+00D0 (decimal 208)
   defining Unicode char U+00D1 (decimal 209)
   defining Unicode char U+00D2 (decimal 210)
   defining Unicode char U+00D3 (decimal 211)
   defining Unicode char U+00D4 (decimal 212)
   defining Unicode char U+00D5 (decimal 213)
   defining Unicode char U+00D6 (decimal 214)
   defining Unicode char U+00D8 (decimal 216)
   defining Unicode char U+00D9 (decimal 217)
   defining Unicode char U+00DA (decimal 218)
   defining Unicode char U+00DB (decimal 219)
   defining Unicode char U+00DC (decimal 220)
   defining Unicode char U+00DD (decimal 221)
   defining Unicode char U+00DE (decimal 222)
   defining Unicode char U+00DF (decimal 223)
   defining Unicode char U+00E0 (decimal 224)
   defining Unicode char U+00E1 (decimal 225)
   defining Unicode char U+00E2 (decimal 226)
   defining Unicode char U+00E3 (decimal 227)
   defining Unicode char U+00E4 (decimal 228)
   defining Unicode char U+00E5 (decimal 229)
   defining Unicode char U+00E6 (decimal 230)
   defining Unicode char U+00E7 (decimal 231)
   defining Unicode char U+00E8 (decimal 232)
   defining Unicode char U+00E9 (decimal 233)
   defining Unicode char U+00EA (decimal 234)
   defining Unicode char U+00EB (decimal 235)
   defining Unicode char U+00EC (decimal 236)
   defining Unicode char U+00ED (decimal 237)
   defining Unicode char U+00EE (decimal 238)
   defining Unicode char U+00EF (decimal 239)
   defining Unicode char U+00F0 (decimal 240)
   defining Unicode char U+00F1 (decimal 241)
   defining Unicode char U+00F2 (decimal 242)
   defining Unicode char U+00F3 (decimal 243)
   defining Unicode char U+00F4 (decimal 244)
   defining Unicode char U+00F5 (decimal 245)
   defining Unicode char U+00F6 (decimal 246)
   defining Unicode char U+00F8 (decimal 248)
   defining Unicode char U+00F9 (decimal 249)
   defining Unicode char U+00FA (decimal 250)
   defining Unicode char U+00FB (decimal 251)
   defining Unicode char U+00FC (decimal 252)
   defining Unicode char U+00FD (decimal 253)
   defining Unicode char U+00FE (decimal 254)
   defining Unicode char U+00FF (decimal 255)
   defining Unicode char U+0102 (decimal 258)
   defining Unicode char U+0103 (decimal 259)
   defining Unicode char U+0104 (decimal 260)
   defining Unicode char U+0105 (decimal 261)
   defining Unicode char U+0106 (decimal 262)
   defining Unicode char U+0107 (decimal 263)
   defining Unicode char U+010C (decimal 268)
   defining Unicode char U+010D (decimal 269)
   defining Unicode char U+010E (decimal 270)
   defining Unicode char U+010F (decimal 271)
   defining Unicode char U+0110 (decimal 272)
   defining Unicode char U+0111 (decimal 273)
   defining Unicode char U+0118 (decimal 280)
   defining Unicode char U+0119 (decimal 281)
   defining Unicode char U+011A (decimal 282)
   defining Unicode char U+011B (decimal 283)
   defining Unicode char U+011E (decimal 286)
   defining Unicode char U+011F (decimal 287)
   defining Unicode char U+0130 (decimal 304)
   defining Unicode char U+0131 (decimal 305)
   defining Unicode char U+0132 (decimal 306)
   defining Unicode char U+0133 (decimal 307)
   defining Unicode char U+0139 (decimal 313)
   defining Unicode char U+013A (decimal 314)
   defining Unicode char U+013D (decimal 317)
   defining Unicode char U+013E (decimal 318)
   defining Unicode char U+0141 (decimal 321)
   defining Unicode char U+0142 (decimal 322)
   defining Unicode char U+0143 (decimal 323)
   defining Unicode char U+0144 (decimal 324)
   defining Unicode char U+0147 (decimal 327)
   defining Unicode char U+0148 (decimal 328)
   defining Unicode char U+014A (decimal 330)
   defining Unicode char U+014B (decimal 331)
   defining Unicode char U+0150 (decimal 336)
   defining Unicode char U+0151 (decimal 337)
   defining Unicode char U+0152 (decimal 338)
   defining Unicode char U+0153 (decimal 339)
   defining Unicode char U+0154 (decimal 340)
   defining Unicode char U+0155 (decimal 341)
   defining Unicode char U+0158 (decimal 344)
   defining Unicode char U+0159 (decimal 345)
   defining Unicode char U+015A (decimal 346)
   defining Unicode char U+015B (decimal 347)
   defining Unicode char U+015E (decimal 350)
   defining Unicode char U+015F (decimal 351)
   defining Unicode char U+0160 (decimal 352)
   defining Unicode char U+0161 (decimal 353)
   defining Unicode char U+0162 (decimal 354)
   defining Unicode char U+0163 (decimal 355)
   defining Unicode char U+0164 (decimal 356)
   defining Unicode char U+0165 (decimal 357)
   defining Unicode char U+016E (decimal 366)
   defining Unicode char U+016F (decimal 367)
   defining Unicode char U+0170 (decimal 368)
   defining Unicode char U+0171 (decimal 369)
   defining Unicode char U+0178 (decimal 376)
   defining Unicode char U+0179 (decimal 377)
   defining Unicode char U+017A (decimal 378)
   defining Unicode char U+017B (decimal 379)
   defining Unicode char U+017C (decimal 380)
   defining Unicode char U+017D (decimal 381)
   defining Unicode char U+017E (decimal 382)
   defining Unicode char U+200C (decimal 8204)
   defining Unicode char U+2013 (decimal 8211)
   defining Unicode char U+2014 (decimal 8212)
   defining Unicode char U+2018 (decimal 8216)
   defining Unicode char U+2019 (decimal 8217)
   defining Unicode char U+201A (decimal 8218)
   defining Unicode char U+201C (decimal 8220)
   defining Unicode char U+201D (decimal 8221)
   defining Unicode char U+201E (decimal 8222)
   defining Unicode char U+2030 (decimal 8240)
   defining Unicode char U+2031 (decimal 8241)
   defining Unicode char U+2039 (decimal 8249)
   defining Unicode char U+203A (decimal 8250)
   defining Unicode char U+2423 (decimal 9251)
)
Now handling font encoding OT1 ...
... processing UTF-8 mapping file for font encodingOT1

(/usr/local/texlive/2007/texmf-dist/tex/latex/base/ot1enc.dfu
File: ot1enc.dfu 2006/03/30 v1.1i UTF-8 support for inputenc
   defining Unicode char U+00A1 (decimal 161)
   defining Unicode char U+00A3 (decimal 163)
   defining Unicode char U+00B8 (decimal 184)
   defining Unicode char U+00BF (decimal 191)
   defining Unicode char U+00C5 (decimal 197)
   defining Unicode char U+00C6 (decimal 198)
   defining Unicode char U+00D8 (decimal 216)
   defining Unicode char U+00DF (decimal 223)
   defining Unicode char U+00E6 (decimal 230)
   defining Unicode char U+00EC (decimal 236)
   defining Unicode char U+00ED (decimal 237)
   defining Unicode char U+00EE (decimal 238)
   defining Unicode char U+00EF (decimal 239)
   defining Unicode char U+00F8 (decimal 248)
   defining Unicode char U+0131 (decimal 305)
   defining Unicode char U+0141 (decimal 321)
   defining Unicode char U+0142 (decimal 322)
   defining Unicode char U+0152 (decimal 338)
   defining Unicode char U+0153 (decimal 339)
   defining Unicode char U+2013 (decimal 8211)
   defining Unicode char U+2014 (decimal 8212)
   defining Unicode char U+2018 (decimal 8216)
   defining Unicode char U+2019 (decimal 8217)
   defining Unicode char U+201C (decimal 8220)
   defining Unicode char U+201D (decimal 8221)
)
Now handling font encoding OMS ...
... processing UTF-8 mapping file for font encodingOMS

(/usr/local/texlive/2007/texmf-dist/tex/latex/base/omsenc.dfu
File: omsenc.dfu 2006/03/30 v1.1i UTF-8 support for inputenc
   defining Unicode char U+00A7 (decimal 167)
   defining Unicode char U+00B6 (decimal 182)
   defining Unicode char U+00B7 (decimal 183)
   defining Unicode char U+2020 (decimal 8224)
   defining Unicode char U+2021 (decimal 8225)
   defining Unicode char U+2022 (decimal 8226)
)
Now handling font encoding OMX ...
... no UTF-8 mapping file for font encoding OMX
Now handling font encoding U ...
... no UTF-8 mapping file for font encoding U
Now handling font encoding PD1 ...
... no UTF-8 mapping file for font encoding PD1
   defining Unicode char U+00A9 (decimal 169)
   defining Unicode char U+00AA (decimal 170)
   defining Unicode char U+00AE (decimal 174)
   defining Unicode char U+00BA (decimal 186)
   defining Unicode char U+02C6 (decimal 710)
   defining Unicode char U+02DC (decimal 732)
   defining Unicode char U+200C (decimal 8204)
   defining Unicode char U+2026 (decimal 8230)
   defining Unicode char U+2122 (decimal 8482)
   defining Unicode char U+2423 (decimal 9251)
))
(/usr/local/texlive/2007/texmf-dist/tex/latex/upquote/upquote.sty
Package: upquote 2003/08/11 v1.1 Covington's upright-quote modification to verb
atim and verb

(/usr/local/texlive/2007/texmf-dist/tex/latex/base/textcomp.sty
Package: textcomp 2005/09/27 v1.99g Standard LaTeX package
Package textcomp Info: Sub-encoding information:
(textcomp)               5 = only ISO-Adobe without \textcurrency
(textcomp)               4 = 5 + \texteuro
(textcomp)               3 = 4 + \textohm
(textcomp)               2 = 3 + \textestimated + \textcurrency
(textcomp)               1 = TS1 - \textcircled - \t
(textcomp)               0 = TS1 (full)
(textcomp)             Font families with sub-encoding setting implement
(textcomp)             only a restricted character set as indicated.
(textcomp)             Family '?' is the default used for unknown fonts.
(textcomp)             See the documentation for details.
Package textcomp Info: Setting ? sub-encoding to TS1/1 on input line 71.

(/usr/local/texlive/2007/texmf-dist/tex/latex/base/ts1enc.def
File: ts1enc.def 2001/06/05 v3.0e (jk/car/fm) Standard LaTeX file
Now handling font encoding TS1 ...
... processing UTF-8 mapping file for font encoding TS1

(/usr/local/texlive/2007/texmf-dist/tex/latex/base/ts1enc.dfu
File: ts1enc.dfu 2006/03/30 v1.1i UTF-8 support for inputenc
   defining Unicode char U+00A2 (decimal 162)
   defining Unicode char U+00A3 (decimal 163)
   defining Unicode char U+00A4 (decimal 164)
   defining Unicode char U+00A5 (decimal 165)
   defining Unicode char U+00A6 (decimal 166)
   defining Unicode char U+00A7 (decimal 167)
   defining Unicode char U+00A8 (decimal 168)
   defining Unicode char U+00A9 (decimal 169)
   defining Unicode char U+00AA (decimal 170)
   defining Unicode char U+00AC (decimal 172)
   defining Unicode char U+00AE (decimal 174)
   defining Unicode char U+00AF (decimal 175)
   defining Unicode char U+00B0 (decimal 176)
   defining Unicode char U+00B1 (decimal 177)
   defining Unicode char U+00B2 (decimal 178)
   defining Unicode char U+00B3 (decimal 179)
   defining Unicode char U+00B4 (decimal 180)
   defining Unicode char U+00B5 (decimal 181)
   defining Unicode char U+00B6 (decimal 182)
   defining Unicode char U+00B7 (decimal 183)
   defining Unicode char U+00B9 (decimal 185)
   defining Unicode char U+00BA (decimal 186)
   defining Unicode char U+00BC (decimal 188)
   defining Unicode char U+00BD (decimal 189)
   defining Unicode char U+00BE (decimal 190)
   defining Unicode char U+00D7 (decimal 215)
   defining Unicode char U+00F7 (decimal 247)
   defining Unicode char U+0192 (decimal 402)
   defining Unicode char U+02C7 (decimal 711)
   defining Unicode char U+02D8 (decimal 728)
   defining Unicode char U+02DD (decimal 733)
   defining Unicode char U+0E3F (decimal 3647)
   defining Unicode char U+2016 (decimal 8214)
   defining Unicode char U+2020 (decimal 8224)
   defining Unicode char U+2021 (decimal 8225)
   defining Unicode char U+2022 (decimal 8226)
   defining Unicode char U+2030 (decimal 8240)
   defining Unicode char U+2031 (decimal 8241)
   defining Unicode char U+203B (decimal 8251)
   defining Unicode char U+203D (decimal 8253)
   defining Unicode char U+2044 (decimal 8260)
   defining Unicode char U+204E (decimal 8270)
   defining Unicode char U+2052 (decimal 8274)
   defining Unicode char U+20A1 (decimal 8353)
   defining Unicode char U+20A4 (decimal 8356)
   defining Unicode char U+20A6 (decimal 8358)
   defining Unicode char U+20A9 (decimal 8361)
   defining Unicode char U+20AB (decimal 8363)
   defining Unicode char U+20AC (decimal 8364)
   defining Unicode char U+20B1 (decimal 8369)
   defining Unicode char U+2103 (decimal 8451)
   defining Unicode char U+2116 (decimal 8470)
   defining Unicode char U+2117 (decimal 8471)
   defining Unicode char U+211E (decimal 8478)
   defining Unicode char U+2120 (decimal 8480)
   defining Unicode char U+2122 (decimal 8482)
   defining Unicode char U+2126 (decimal 8486)
   defining Unicode char U+2127 (decimal 8487)
   defining Unicode char U+212E (decimal 8494)
   defining Unicode char U+2190 (decimal 8592)
   defining Unicode char U+2191 (decimal 8593)
   defining Unicode char U+2192 (decimal 8594)
   defining Unicode char U+2193 (decimal 8595)
   defining Unicode char U+2329 (decimal 9001)
   defining Unicode char U+232A (decimal 9002)
   defining Unicode char U+2422 (decimal 9250)
   defining Unicode char U+25E6 (decimal 9702)
   defining Unicode char U+25EF (decimal 9711)
   defining Unicode char U+266A (decimal 9834)
))
LaTeX Info: Redefining \oldstylenums on input line 266.
Package textcomp Info: Setting cmr sub-encoding to TS1/0 on input line 281.
Package textcomp Info: Setting cmss sub-encoding to TS1/0 on input line 282.
Package textcomp Info: Setting cmtt sub-encoding to TS1/0 on input line 283.
Package textcomp Info: Setting cmvtt sub-encoding to TS1/0 on input line 284.
Package textcomp Info: Setting cmbr sub-encoding to TS1/0 on input line 285.
Package textcomp Info: Setting cmtl sub-encoding to TS1/0 on input line 286.
Package textcomp Info: Setting ccr sub-encoding to TS1/0 on input line 287.
Package textcomp Info: Setting ptm sub-encoding to TS1/4 on input line 288.
Package textcomp Info: Setting pcr sub-encoding to TS1/4 on input line 289.
Package textcomp Info: Setting phv sub-encoding to TS1/4 on input line 290.
Package textcomp Info: Setting ppl sub-encoding to TS1/3 on input line 291.
Package textcomp Info: Setting pag sub-encoding to TS1/4 on input line 292.
Package textcomp Info: Setting pbk sub-encoding to TS1/4 on input line 293.
Package textcomp Info: Setting pnc sub-encoding to TS1/4 on input line 294.
Package textcomp Info: Setting pzc sub-encoding to TS1/4 on input line 295.
Package textcomp Info: Setting bch sub-encoding to TS1/4 on input line 296.
Package textcomp Info: Setting put sub-encoding to TS1/5 on input line 297.
Package textcomp Info: Setting uag sub-encoding to TS1/5 on input line 298.
Package textcomp Info: Setting ugq sub-encoding to TS1/5 on input line 299.
Package textcomp Info: Setting ul8 sub-encoding to TS1/4 on input line 300.
Package textcomp Info: Setting ul9 sub-encoding to TS1/4 on input line 301.
Package textcomp Info: Setting augie sub-encoding to TS1/5 on input line 302.
Package textcomp Info: Setting dayrom sub-encoding to TS1/3 on input line 303.
Package textcomp Info: Setting dayroms sub-encoding to TS1/3 on input line 304.

Package textcomp Info: Setting pxr sub-encoding to TS1/0 on input line 305.
Package textcomp Info: Setting pxss sub-encoding to TS1/0 on input line 306.
Package textcomp Info: Setting pxtt sub-encoding to TS1/0 on input line 307.
Package textcomp Info: Setting txr sub-encoding to TS1/0 on input line 308.
Package textcomp Info: Setting txss sub-encoding to TS1/0 on input line 309.
Package textcomp Info: Setting txtt sub-encoding to TS1/0 on input line 310.
Package textcomp Info: Setting futs sub-encoding to TS1/4 on input line 311.
Package textcomp Info: Setting futx sub-encoding to TS1/4 on input line 312.
Package textcomp Info: Setting futj sub-encoding to TS1/4 on input line 313.
Package textcomp Info: Setting hlh sub-encoding to TS1/3 on input line 314.
Package textcomp Info: Setting hls sub-encoding to TS1/3 on input line 315.
Package textcomp Info: Setting hlst sub-encoding to TS1/3 on input line 316.
Package textcomp Info: Setting hlct sub-encoding to TS1/5 on input line 317.
Package textcomp Info: Setting hlx sub-encoding to TS1/5 on input line 318.
Package textcomp Info: Setting hlce sub-encoding to TS1/5 on input line 319.
Package textcomp Info: Setting hlcn sub-encoding to TS1/5 on input line 320.
Package textcomp Info: Setting hlcw sub-encoding to TS1/5 on input line 321.
Package textcomp Info: Setting hlcf sub-encoding to TS1/5 on input line 322.
Package textcomp Info: Setting pplx sub-encoding to TS1/3 on input line 323.
Package textcomp Info: Setting pplj sub-encoding to TS1/3 on input line 324.
Package textcomp Info: Setting ptmx sub-encoding to TS1/4 on input line 325.
Package textcomp Info: Setting ptmj sub-encoding to TS1/4 on input line 326.
))
(/usr/local/texlive/2007/texmf-dist/tex/latex/microtype/microtype.sty
Package: microtype 2007/01/21 v2.0 Micro-typography with pdfTeX (RS)
\MT@toks=\toks32
\MT@count=\count126
LaTeX Info: Redefining \lsstyle on input line 1370.
LaTeX Info: Redefining \lslig on input line 1370.
LaTeX Info: Redefining \textls on input line 1371.
\MT@lskern=\dimen130
Package microtype Info: Loading configuration file microtype.cfg.

(/usr/local/texlive/2007/texmf-dist/tex/latex/microtype/microtype.cfg
File: microtype.cfg 2007/01/14 v2.0 microtype main configuration file (RS)
))
(/usr/local/texlive/2007/texmf-dist/tex/latex/fancyvrb/fancyvrb.sty
Package: fancyvrb 1998/07/17

Style option: `fancyvrb' v2.6, with DG/SPQR fixes <1998/07/17> (tvz)
\FV@CodeLineNo=\count127
\FV@InFile=\read1
\FV@TabBox=\box34
\c@FancyVerbLine=\count128
\FV@StepNumber=\count129
\FV@OutFile=\write3

No file fancyvrb.cfg.
) (/usr/local/texlive/2007/texmf-dist/tex/latex/oberdiek/pdflscape.sty
Package: pdflscape 2006/04/24 v0.6 Landscape pages in PDF (HO)

(/usr/local/texlive/2007/texmf-dist/tex/latex/graphics/lscape.sty
Package: lscape 2000/10/22 v3.01 Landscape Pages (DPC)
)
Package pdflscape Info: Auto-detected driver: `pdftex' on input line 70.
)
(./thesis.aux (./Preface/titlepage.aux) (./Preface/dedication.aux)
(./Preface/acknowl.aux) (./Preface/abstract.aux) (./Body/chapter1.aux)
(./Body/chapter2.aux

LaTeX Warning: Label `tbl:compare' multiply defined.


LaTeX Warning: Label `lineup' multiply defined.

) (./Body/chapter3.aux

LaTeX Warning: Label `type_1' multiply defined.


LaTeX Warning: Label `sub@type_1' multiply defined.


LaTeX Warning: Label `type_2' multiply defined.


LaTeX Warning: Label `sub@type_2' multiply defined.


LaTeX Warning: Label `type_2' multiply defined.


LaTeX Warning: Label `sub@type_2' multiply defined.


LaTeX Warning: Label `type_1' multiply defined.


LaTeX Warning: Label `sub@type_1' multiply defined.


LaTeX Warning: Label `type_2' multiply defined.


LaTeX Warning: Label `sub@type_2' multiply defined.


LaTeX Warning: Label `plottype' multiply defined.


LaTeX Warning: Label `sec:results' multiply defined.


LaTeX Warning: Label `t1comp_1' multiply defined.


LaTeX Warning: Label `sub@t1comp_1' multiply defined.


LaTeX Warning: Label `t1bin_1' multiply defined.


LaTeX Warning: Label `sub@t1bin_1' multiply defined.


LaTeX Warning: Label `t1bin_1' multiply defined.


LaTeX Warning: Label `sub@t1bin_1' multiply defined.


LaTeX Warning: Label `t1bin_1' multiply defined.


LaTeX Warning: Label `sub@t1bin_1' multiply defined.


LaTeX Warning: Label `t2comp_1' multiply defined.


LaTeX Warning: Label `sub@t2comp_1' multiply defined.


LaTeX Warning: Label `t2comp_1' multiply defined.


LaTeX Warning: Label `sub@t2comp_1' multiply defined.


LaTeX Warning: Label `t2comp_2' multiply defined.


LaTeX Warning: Label `sub@t2comp_2' multiply defined.


LaTeX Warning: Label `t2comp_1' multiply defined.


LaTeX Warning: Label `sub@t2comp_1' multiply defined.


LaTeX Warning: Label `t2comp_1' multiply defined.


LaTeX Warning: Label `sub@t2comp_1' multiply defined.


LaTeX Warning: Label `t2comp_1' multiply defined.


LaTeX Warning: Label `sub@t2comp_1' multiply defined.


LaTeX Warning: Label `t2comp_1' multiply defined.


LaTeX Warning: Label `sub@t2comp_1' multiply defined.


LaTeX Warning: Label `t2comp_1' multiply defined.


LaTeX Warning: Label `sub@t2comp_1' multiply defined.


LaTeX Warning: Label `t2comp_2' multiply defined.


LaTeX Warning: Label `sub@t2comp_2' multiply defined.


LaTeX Warning: Label `t2comp_1' multiply defined.


LaTeX Warning: Label `sub@t2comp_1' multiply defined.

) (./Body/chapter4.aux) (./Body/conclusions.aux) (./Appendix/appendix1.aux)
(./Reference/bibtex.aux))
\openout1 = `thesis.aux'.

LaTeX Font Info:    Checking defaults for OML/cmm/m/it on input line 80.
LaTeX Font Info:    ... okay on input line 80.
LaTeX Font Info:    Checking defaults for T1/cmr/m/n on input line 80.
LaTeX Font Info:    ... okay on input line 80.
LaTeX Font Info:    Checking defaults for OT1/cmr/m/n on input line 80.
LaTeX Font Info:    ... okay on input line 80.
LaTeX Font Info:    Checking defaults for OMS/cmsy/m/n on input line 80.
LaTeX Font Info:    ... okay on input line 80.
LaTeX Font Info:    Checking defaults for OMX/cmex/m/n on input line 80.
LaTeX Font Info:    ... okay on input line 80.
LaTeX Font Info:    Checking defaults for U/cmr/m/n on input line 80.
LaTeX Font Info:    ... okay on input line 80.
LaTeX Font Info:    Checking defaults for PD1/pdf/m/n on input line 80.
LaTeX Font Info:    ... okay on input line 80.
LaTeX Font Info:    Checking defaults for TS1/cmr/m/n on input line 80.
LaTeX Font Info:    Try loading font information for TS1+cmr on input line 80.

(/usr/local/texlive/2007/texmf-dist/tex/latex/base/ts1cmr.fd
File: ts1cmr.fd 1999/05/25 v2.5h Standard LaTeX font definitions
)
LaTeX Font Info:    ... okay on input line 80.
LaTeX Font Info:    Try loading font information for T1+lmr on input line 80.

(/usr/local/texlive/2007/texmf-dist/tex/latex/lm/t1lmr.fd
File: t1lmr.fd 2007/01/14 v1.3 Font defs for Latin Modern
)
-------------------- Geometry parameters
paper: letterpaper
landscape: --
twocolumn: --
twoside: --
asymmetric: --
h-parts: 90.3375pt, 450.2418pt, 73.7157pt
v-parts: 39.74872pt, 682.95128pt, 72.26999pt
hmarginratio: --
vmarginratio: --
lines: --
heightrounded: --
bindingoffset: 0.0pt
truedimen: --
includehead: true
includefoot: --
includemp: --
driver: pdftex
-------------------- Page layout dimensions and switches
\paperwidth  614.295pt
\paperheight 794.96999pt
\textwidth  469.75502pt
\textheight 620.43001pt
\oddsidemargin  0.0pt
\evensidemargin 0.0pt
\topmargin  0.0pt
\headheight 0.0pt
\headsep    0.0pt
\footskip   30.0pt
\marginparwidth 59.0pt
\marginparsep   10.0pt
\columnsep  10.0pt
\skip\footins  10.0pt plus 4.0pt minus 2.0pt
\hoffset 0.0pt
\voffset 0.0pt
\mag 1000

(1in=72.27pt, 1cm=28.45pt)
-----------------------

(/usr/local/texlive/2007/texmf-dist/tex/context/base/supp-pdf.tex
[Loading MPS to PDF converter (version 2006.09.02).]
\scratchcounter=\count130
\scratchdimen=\dimen131
\scratchbox=\box35
\nofMPsegments=\count131
\nofMParguments=\count132
\MPscratchCnt=\count133
\MPscratchDim=\dimen132
\MPnumerator=\count134
\everyMPtoPDFconversion=\toks33
)
Package hyperref Info: Link coloring ON on input line 80.
 (/usr/local/texlive/2007/texmf-dist/tex/latex/hyperref/nameref.sty
Package: nameref 2006/12/27 v2.28 Cross-referencing by name of section

(/usr/local/texlive/2007/texmf-dist/tex/latex/oberdiek/refcount.sty
Package: refcount 2006/02/20 v3.0 Data extraction from references (HO)
)
\c@section@level=\count135
)
LaTeX Info: Redefining \ref on input line 80.
LaTeX Info: Redefining \pageref on input line 80.

(./thesis.out) (./thesis.out)
\@outlinefile=\write4
\openout4 = `thesis.out'.

Package microtype Info: Generating PDF output.
Package microtype Info: Character protrusion enabled (level 2).
Package microtype Info: Using default protrusion set `alltext'.
Package microtype Info: Automatic font expansion enabled (level 2),
(microtype)             stretch: 20, shrink: 20, step: 4, non-selected.
Package microtype Info: Using default expansion set `basictext'.
Package microtype Info: No tracking.
Package microtype Info: No adjustment of interword spacing.
Package microtype Info: No adjustment of character kerning.

(/usr/local/texlive/2007/texmf-dist/tex/latex/microtype/mt-cmr.cfg
File: mt-cmr.cfg 2005/11/07 v1.9 microtype config. file: Computer Modern Roman 
(RS)
)
\openout2 = `Preface/titlepage.aux'.


(./Preface/titlepage.tex)
LaTeX Font Info:    Try loading font information for TS1+lmr on input line 82.

(/usr/local/texlive/2007/texmf-dist/tex/latex/lm/ts1lmr.fd
File: ts1lmr.fd 2007/01/14 v1.3 Font defs for Latin Modern
)
Overfull \vbox (5.51674pt too high) detected at line 82
 []

[1



{/usr/local/texlive/2007/texmf-var/fonts/map/pdftex/updmap/pdftex.map}]
\openout2 = `Preface/dedication.aux'.


(./Preface/dedication.tex)
Overfull \vbox (6.89548pt too high) has occurred while \output is active []


[2



] (./thesis.toc
LaTeX Font Info:    Try loading font information for OT1+lmr on input line 2.
 (/usr/local/texlive/2007/texmf-dist/tex/latex/lm/ot1lmr.fd
File: ot1lmr.fd 2007/01/14 v1.3 Font defs for Latin Modern
)
LaTeX Font Info:    Try loading font information for OML+lmm on input line 2.

(/usr/local/texlive/2007/texmf-dist/tex/latex/lm/omllmm.fd
File: omllmm.fd 2007/01/14 v1.3 Font defs for Latin Modern
)
LaTeX Font Info:    Try loading font information for OMS+lmsy on input line 2.

(/usr/local/texlive/2007/texmf-dist/tex/latex/lm/omslmsy.fd
File: omslmsy.fd 2007/01/14 v1.3 Font defs for Latin Modern
)
LaTeX Font Info:    Try loading font information for OMX+lmex on input line 2.

(/usr/local/texlive/2007/texmf-dist/tex/latex/lm/omxlmex.fd
File: omxlmex.fd 2007/01/14 v1.3 Font defs for Latin Modern
)
LaTeX Font Info:    External font `lmex10' loaded for size
(Font)              <10.95> on input line 2.
LaTeX Font Info:    External font `lmex10' loaded for size
(Font)              <8> on input line 2.
LaTeX Font Info:    External font `lmex10' loaded for size
(Font)              <6> on input line 2.
LaTeX Font Info:    Try loading font information for U+msa on input line 2.

(/usr/local/texlive/2007/texmf-dist/tex/latex/amsfonts/umsa.fd
File: umsa.fd 2002/01/19 v2.2g AMS font definitions
)
(/usr/local/texlive/2007/texmf-dist/tex/latex/microtype/mt-msa.cfg
File: mt-msa.cfg 2006/02/04 v1.1 microtype config. file: AMS symbols (a) (RS)
)
LaTeX Font Info:    Try loading font information for U+msb on input line 2.

(/usr/local/texlive/2007/texmf-dist/tex/latex/amsfonts/umsb.fd
File: umsb.fd 2002/01/19 v2.2g AMS font definitions
)
(/usr/local/texlive/2007/texmf-dist/tex/latex/microtype/mt-msb.cfg
File: mt-msb.cfg 2005/06/01 v1.0 microtype config. file: AMS symbols (b) (RS)
)
Overfull \hbox (5.225pt too wide) in paragraph at lines 18--18
 \T1/lmr/bx/n/10.95 UN-DER-STAND RAN-DOM CLASS SEP-A-RA-TIONS IN HIGH DI-MEN-SI
ON, 
 []


Overfull \vbox (6.89548pt too high) has occurred while \output is active []


[3


] [4])
\tf@toc=\write5
\openout5 = `thesis.toc'.

 [5] (./thesis.lot
Overfull \vbox (6.89548pt too high) has occurred while \output is active []


[6


])
\tf@lot=\write6
\openout6 = `thesis.lot'.

 [7] (./thesis.lof
Overfull \vbox (6.89548pt too high) has occurred while \output is active []


[8


] [9] [10] [11] [12] [13])
\tf@lof=\write7
\openout7 = `thesis.lof'.

 [14]
\openout2 = `Preface/acknowl.aux'.

 (./Preface/acknowl.tex
ACKNOWLEDGEMENTS
) [15



]
\openout2 = `Preface/abstract.aux'.

 (./Preface/abstract.tex
ABSTRACT
) [16




]
\openout2 = `Body/chapter1.aux'.

 (./Body/chapter1.tex
CHAPTER\  1.

Overfull \vbox (6.89548pt too high) has occurred while \output is active []


[1



] [2] [3] <Images/diagram.pdf, id=556, 254.85544pt x 180.39044pt>
File: Images/diagram.pdf Graphic file (type pdf)

<use Images/diagram.pdf>
\@tempboxb=\box36
 [4 <./Images/diagram.pdf>] [5] [6]
<Images/lineup-dot.pdf, id=787, 433.62pt x 361.35pt>
File: Images/lineup-dot.pdf Graphic file (type pdf)

<use Images/lineup-dot.pdf>
\@tempboxb=\box37
 [7 <./Images/lineup-dot.pdf>]
\@tempboxb=\box38


pdfTeX warning: /usr/texbin/pdflatex (file ./Images/down_arrow.pdf): PDF inclus
ion: found PDF version <1.6>, but at most version <1.4> allowed
<Images/down_arrow.pdf, id=803, 170.86836pt x 72.27pt>
File: Images/down_arrow.pdf Graphic file (type pdf)

<use Images/down_arrow.pdf>
Overfull \hbox (17.12569pt too wide) in paragraph at lines 142--142
 [] 
 []

File: Images/down_arrow.pdf Graphic file (type pdf)
<use Images/down_arrow.pdf>
Overfull \hbox (17.12569pt too wide) in paragraph at lines 142--142
 [] 
 []

<Images/data-dot.pdf, id=804, 269.94553pt x 184.37381pt>
File: Images/data-dot.pdf Graphic file (type pdf)

<use Images/data-dot.pdf>
Overfull \hbox (66.0296pt too wide) in paragraph at lines 144--144
 [] 
 []

File: Images/down_arrow.pdf Graphic file (type pdf)
<use Images/down_arrow.pdf>
Overfull \hbox (17.12569pt too wide) in paragraph at lines 146--146
 [] 
 []

File: Images/down_arrow.pdf Graphic file (type pdf)
<use Images/down_arrow.pdf>
Overfull \hbox (17.12569pt too wide) in paragraph at lines 146--146
 [] 
 []

<Images/two-sided-rejection.pdf, id=805, 177.16919pt x 133.15889pt>
File: Images/two-sided-rejection.pdf Graphic file (type pdf)

<use Images/two-sided-rejection.pdf>
Overfull \hbox (45.90524pt too wide) in paragraph at lines 148--148
 [] 
 []

File: Images/lineup-dot.pdf Graphic file (type pdf)
<use Images/lineup-dot.pdf>
Overfull \hbox (83.06744pt too wide) in paragraph at lines 148--148
 [] 
 []

File: Images/down_arrow.pdf Graphic file (type pdf)
<use Images/down_arrow.pdf>
Overfull \hbox (17.12569pt too wide) in paragraph at lines 149--149
 [] 
 []

File: Images/down_arrow.pdf Graphic file (type pdf)
<use Images/down_arrow.pdf>
Overfull \hbox (17.12569pt too wide) in paragraph at lines 149--149
 [] 
 []

<Images/visual-inference-plot-1.pdf, id=806, 254.85544pt x 180.39044pt>
File: Images/visual-inference-plot-1.pdf Graphic file (type pdf)

<use Images/visual-inference-plot-1.pdf>
\@tempboxb=\box39
 [8 <./Images/visual-inference-plot-1.pdf>] [9 <./Images/down_arrow.pdf> <./Ima
ges/data-dot.pdf> <./Images/two-sided-rejection.pdf>]
Underfull \hbox (badness 10000) in paragraph at lines 212--213

 []

[10]
Underfull \hbox (badness 10000) in paragraph at lines 214--215

 []


Underfull \hbox (badness 10000) in paragraph at lines 216--217

 []

[11]) [12]
\openout2 = `Body/chapter2.aux'.

 (./Body/chapter2.tex
CHAPTER\  2.

Overfull \vbox (6.89548pt too high) has occurred while \output is active []


[13



] [14] <Images/toth_lda.pdf, id=1179, 433.62pt x 433.62pt>
File: Images/toth_lda.pdf Graphic file (type pdf)

<use Images/toth_lda.pdf>
\@tempboxb=\box40
 [15 <./Images/toth_lda.pdf>]
LaTeX Font Info:    Try loading font information for T1+lmtt on input line 67.

(/usr/local/texlive/2007/texmf-dist/tex/latex/lm/t1lmtt.fd
File: t1lmtt.fd 2007/01/14 v1.3 Font defs for Latin Modern
) [16]
\@tempboxb=\box41
File: Images/down_arrow.pdf Graphic file (type pdf)

<use Images/down_arrow.pdf>
File: Images/down_arrow.pdf Graphic file (type pdf)
 <use Images/down_arrow.pdf>
<Images/data-dot-rev.pdf, id=1201, 289.08pt x 216.81pt>
File: Images/data-dot-rev.pdf Graphic file (type pdf)

<use Images/data-dot-rev.pdf>
Overfull \hbox (72.72676pt too wide) in paragraph at lines 90--90
 [] 
 []

File: Images/down_arrow.pdf Graphic file (type pdf)
<use Images/down_arrow.pdf>
File: Images/down_arrow.pdf Graphic file (type pdf)
 <use Images/down_arrow.pdf>
File: Images/two-sided-rejection.pdf Graphic file (type pdf)

<use Images/two-sided-rejection.pdf>
Overfull \hbox (45.90524pt too wide) in paragraph at lines 94--94
 [] 
 []

<Images/lineup-dot-rev.pdf, id=1202, 445.665pt x 373.395pt>
File: Images/lineup-dot-rev.pdf Graphic file (type pdf)

<use Images/lineup-dot-rev.pdf>
Overfull \hbox (86.56041pt too wide) in paragraph at lines 94--94
 [] 
 []

File: Images/down_arrow.pdf Graphic file (type pdf)
<use Images/down_arrow.pdf>
File: Images/down_arrow.pdf Graphic file (type pdf)
 <use Images/down_arrow.pdf>
File: Images/lineup-dot-rev.pdf Graphic file (type pdf)

<use Images/lineup-dot-rev.pdf>
\@tempboxb=\box42
 [17] [18 <./Images/data-dot-rev.pdf> <./Images/lineup-dot-rev.pdf>]

Package natbib Warning: Citation `friedman:1974' on page 19 undefined on input 
line 121.

[19] [20] [21] [22] <Images/lineup-wasp-8.pdf, id=1256, 445.665pt x 373.395pt>
File: Images/lineup-wasp-8.pdf Graphic file (type pdf)

<use Images/lineup-wasp-8.pdf>
\@tempboxb=\box43
 [23 <./Images/lineup-wasp-8.pdf>]
\@tempboxb=\box44

<Images/noise-2-rev.pdf, id=1270, 228.855pt x 228.855pt>
File: Images/noise-2-rev.pdf Graphic file (type pdf)

<use Images/noise-2-rev.pdf>
LaTeX Font Info:    External font `lmex10' loaded for size
(Font)              <9> on input line 225.
LaTeX Font Info:    External font `lmex10' loaded for size
(Font)              <5> on input line 225.

Underfull \hbox (badness 7814) in paragraph at lines 225--225
[]\T1/lmr/m/n/9 (+20) (a) P(sep$\OMS/lmsy/m/n/9 j\OML/lmm/m/it/9 n; \OT1/lmr/m/
n/9 (+20) 2$\T1/lmr/m/n/9 (+20) ) =
 []

<Images/noise-8-rev.pdf, id=1271, 228.855pt x 228.855pt>
File: Images/noise-8-rev.pdf Graphic file (type pdf)

<use Images/noise-8-rev.pdf>
Underfull \hbox (badness 10000) in paragraph at lines 225--225
[]\T1/lmr/m/n/9 (+20) (b) P(sep$\OMS/lmsy/m/n/9 j\OML/lmm/m/it/9 n; \OT1/lmr/m/
n/9 (+20) 8$\T1/lmr/m/n/9 (+20) ) =
 []

<Images/noise-15-rev.pdf, id=1272, 228.855pt x 228.855pt>
File: Images/noise-15-rev.pdf Graphic file (type pdf)

<use Images/noise-15-rev.pdf>
Underfull \hbox (badness 6592) in paragraph at lines 225--225
[]\T1/lmr/m/n/9 (+20) (c) P(sep$\OMS/lmsy/m/n/9 j\OML/lmm/m/it/9 n; \OT1/lmr/m/
n/9 (+20) 15$\T1/lmr/m/n/9 (+20) ) =
 []

<Images/noise-22-rev.pdf, id=1273, 228.855pt x 228.855pt>
File: Images/noise-22-rev.pdf Graphic file (type pdf)

<use Images/noise-22-rev.pdf>
Underfull \hbox (badness 4608) in paragraph at lines 225--225
[]\T1/lmr/m/n/9 (+20) (d) P(sep$\OMS/lmsy/m/n/9 j\OML/lmm/m/it/9 n; \OT1/lmr/m/
n/9 (+20) 22$\T1/lmr/m/n/9 (+20) ) =
 []

<Images/noise-28-rev.pdf, id=1274, 228.855pt x 228.855pt>
File: Images/noise-28-rev.pdf Graphic file (type pdf)

<use Images/noise-28-rev.pdf>
Underfull \hbox (badness 6575) in paragraph at lines 225--225
[]\T1/lmr/m/n/9 (+20) (e) P(sep$\OMS/lmsy/m/n/9 j\OML/lmm/m/it/9 n; \OT1/lmr/m/
n/9 (+20) 28$\T1/lmr/m/n/9 (+20) ) =
 []

\@tempboxb=\box45
[24] [25 <./Images/noise-2-rev.pdf> <./Images/noise-8-rev.pdf> <./Images/noise-
15-rev.pdf> <./Images/noise-22-rev.pdf> <./Images/noise-28-rev.pdf>]
\@tempboxb=\box46

Underfull \hbox (badness 10000) in paragraph at lines 245--245
[]|\T1/lmr/m/n/10.95 (+20) dimension
 []

[26] <Images/test_statistic_1-rev.pdf, id=1328, 301.125pt x 228.855pt>
File: Images/test_statistic_1-rev.pdf Graphic file (type pdf)

<use Images/test_statistic_1-rev.pdf>
<Images/test_statistic_2-rev.pdf, id=1329, 301.125pt x 228.855pt>
File: Images/test_statistic_2-rev.pdf Graphic file (type pdf)

<use Images/test_statistic_2-rev.pdf>
\@tempboxb=\box47
 [27]

Package natbib Warning: Citation `JW02' on page 28 undefined on input line 299.


<Images/lineup-20-real-1-17-rev.pdf, id=1337, 445.665pt x 373.395pt>
File: Images/lineup-20-real-1-17-rev.pdf Graphic file (type pdf)

<use Images/lineup-20-real-1-17-rev.pdf>
\@tempboxb=\box48

<Images/lineup-100-noise-2-20-rev.pdf, id=1338, 445.665pt x 373.395pt>
File: Images/lineup-100-noise-2-20-rev.pdf Graphic file (type pdf)

<use Images/lineup-100-noise-2-20-rev.pdf>
\@tempboxb=\box49
 [28 <./Images/test_statistic_1-rev.pdf> <./Images/test_statistic_2-rev.pdf>] [
29 <./Images/lineup-20-real-1-17-rev.pdf>] [30 <./Images/lineup-100-noise-2-20-
rev.pdf>]
<Images/detection-rate-rep-int-glm-rev.pdf, id=1383, 505.89pt x 505.89pt>
File: Images/detection-rate-rep-int-glm-rev.pdf Graphic file (type pdf)

<use Images/detection-rate-rep-int-glm-rev.pdf>
\@tempboxb=\box50
 [31]
\@tempboxb=\box51
 [32 <./Images/detection-rate-rep-int-glm-rev.pdf>]
<Images/time-taken-log-bands-1.pdf, id=1403, 614.295pt x 289.08pt>
File: Images/time-taken-log-bands-1.pdf Graphic file (type pdf)

<use Images/time-taken-log-bands-1.pdf>
\@tempboxb=\box52
 [33]
<Images/avg-sep-1.pdf, id=1410, 361.35pt x 433.62pt>
File: Images/avg-sep-1.pdf Graphic file (type pdf)

<use Images/avg-sep-1.pdf>
<Images/avg-sep-2.pdf, id=1411, 361.35pt x 433.62pt>
File: Images/avg-sep-2.pdf Graphic file (type pdf)

<use Images/avg-sep-2.pdf>
\@tempboxb=\box53
 [34 <./Images/time-taken-log-bands-1.pdf>] [35 <./Images/avg-sep-1.pdf> <./Ima
ges/avg-sep-2.pdf>]
<Images/detection-diff-avg-sep-1.pdf, id=1444, 332.24126pt x 289.08pt>
File: Images/detection-diff-avg-sep-1.pdf Graphic file (type pdf)

<use Images/detection-diff-avg-sep-1.pdf>
<Images/detection-diff-avg-sep-2.pdf, id=1445, 332.24126pt x 289.08pt>
File: Images/detection-diff-avg-sep-2.pdf Graphic file (type pdf)

<use Images/detection-diff-avg-sep-2.pdf>
<Images/mtime-diff-avg-sep-1.pdf, id=1446, 332.24126pt x 289.08pt>
File: Images/mtime-diff-avg-sep-1.pdf Graphic file (type pdf)

<use Images/mtime-diff-avg-sep-1.pdf>
<Images/mtime-diff-avg-sep-2.pdf, id=1447, 332.24126pt x 289.08pt>
File: Images/mtime-diff-avg-sep-2.pdf Graphic file (type pdf)

<use Images/mtime-diff-avg-sep-2.pdf>
\@tempboxb=\box54
 [36] [37 <./Images/detection-diff-avg-sep-1.pdf> <./Images/detection-diff-avg-
sep-2.pdf> <./Images/mtime-diff-avg-sep-1.pdf> <./Images/mtime-diff-avg-sep-2.p
df>]) [38]
\openout2 = `Body/chapter3.aux'.

 (./Body/chapter3.tex
CHAPTER\  3.

Overfull \vbox (6.89548pt too high) has occurred while \output is active []


[39



] <Images/lineup-protocol-example.pdf, id=1496, 397.485pt x 361.35pt>
File: Images/lineup-protocol-example.pdf Graphic file (type pdf)

<use Images/lineup-protocol-example.pdf>
\@tempboxb=\box55
 [40]
File: Images/diagram.pdf Graphic file (type pdf)
 <use Images/diagram.pdf>
File: Images/visual-inference-plot-1.pdf Graphic file (type pdf)

<use Images/visual-inference-plot-1.pdf>
\@tempboxb=\box56
 [41] [42 <./Images/lineup-protocol-example.pdf>] [43]

LaTeX Warning: Reference `sec:nbin' on page 44 undefined on input line 108.


Package natbib Warning: Citation `majumder:2014' on page 44 undefined on input 
line 165.

\@tempboxb=\box57

Overfull \hbox (8.17299pt too wide) in paragraph at lines 174--174
[]|\T1/lmr/m/n/10.95 (-20) Turk
 []

<Images/stat_category1.pdf, id=1532, 380.42125pt x 483.8075pt>
File: Images/stat_category1.pdf Graphic file (type pdf)

<use Images/stat_category1.pdf>
Underfull \hbox (badness 2351) in paragraph at lines 176--178
\T1/lmr/m/n/10.95 (+20) biggest ver-ti-cal dif-fer-ence be-
 []

<Images/stat_beta_k1.png, id=1533, 154.5775pt x 160.6pt>
File: Images/stat_beta_k1.png Graphic file (type png)

<use Images/stat_beta_k1.png>
Underfull \hbox (badness 3884) in paragraph at lines 179--179
[]|\T1/lmr/m/n/10.95 (+20) Group sep-a-ra-
 []

<Images/stat_separation.pdf, id=1534, 107.40125pt x 122.4575pt>
File: Images/stat_separation.pdf Graphic file (type pdf)

<use Images/stat_separation.pdf> [44] [45 <./Images/stat_category1.pdf> <./Imag
es/stat_beta_k1.png> <./Images/stat_separation.pdf>]

Package natbib Warning: Citation `stephens:1974' on page 46 undefined on input 
line 218.


Package natbib Warning: Citation `stephens:1974' on page 46 undefined on input 
line 218.


Package natbib Warning: Citation `shapiro:1965' on page 46 undefined on input l
ine 218.


Package natbib Warning: Citation `hamming:1950' on page 46 undefined on input l
ine 220.

[46]

Package natbib Warning: Citation `bhattacharyya:1946' on page 47 undefined on i
nput line 222.

<Images/dat-example-1.pdf, id=1571, 289.08pt x 252.945pt>
File: Images/dat-example-1.pdf Graphic file (type pdf)

<use Images/dat-example-1.pdf>
<Images/bin-example-1.pdf, id=1572, 289.08pt x 252.945pt>
File: Images/bin-example-1.pdf Graphic file (type pdf)

<use Images/bin-example-1.pdf>
<Images/freq-example-1.pdf, id=1573, 252.945pt x 252.945pt>
File: Images/freq-example-1.pdf Graphic file (type pdf)

<use Images/freq-example-1.pdf>
<Images/dat-example-2.pdf, id=1574, 289.08pt x 252.945pt>
File: Images/dat-example-2.pdf Graphic file (type pdf)

<use Images/dat-example-2.pdf>
<Images/bin-example-2.pdf, id=1575, 289.08pt x 252.945pt>
File: Images/bin-example-2.pdf Graphic file (type pdf)

<use Images/bin-example-2.pdf>
<Images/freq-example-2.pdf, id=1576, 252.945pt x 252.945pt>
File: Images/freq-example-2.pdf Graphic file (type pdf)

<use Images/freq-example-2.pdf>
Overfull \hbox (1.95409pt too wide) in paragraph at lines 310--320
 [][] 
 []


Overfull \hbox (1.95409pt too wide) in paragraph at lines 310--320
 [][] 
 []

\@tempboxb=\box58
[47] [48 <./Images/dat-example-1.pdf> <./Images/bin-example-1.pdf> <./Images/fr
eq-example-1.pdf> <./Images/dat-example-2.pdf> <./Images/bin-example-2.pdf> <./
Images/freq-example-2.pdf>]
Overfull \hbox (34.18156pt too wide) detected at line 381
\OML/lmm/m/it/10.95 d[]\OT1/lmr/m/n/10.95 (\OML/lmm/m/it/10.95 X; Y\OT1/lmr/m/n
/10.95 ) := [](\OML/lmm/m/it/10.95 B\OT1/lmr/m/n/10.95 (\OML/lmm/m/it/10.95 X\O
T1/lmr/m/n/10.95 ) \OMS/lmsy/m/n/10.95 ^^@ \OML/lmm/m/it/10.95 B\OT1/lmr/m/n/10
.95 (\OML/lmm/m/it/10.95 Y\OT1/lmr/m/n/10.95 ))[](\OML/lmm/m/it/10.95 B\OT1/lmr
/m/n/10.95 (\OML/lmm/m/it/10.95 X\OT1/lmr/m/n/10.95 ) \OMS/lmsy/m/n/10.95 ^^@ \
OML/lmm/m/it/10.95 B\OT1/lmr/m/n/10.95 (\OML/lmm/m/it/10.95 Y\OT1/lmr/m/n/10.95
 )) = []((\OML/lmm/m/it/10.95 b[]\OT1/lmr/m/n/10.95 (\OML/lmm/m/it/10.95 X\OT1/
lmr/m/n/10.95 ))[] \OMS/lmsy/m/n/10.95 ^^@ \OT1/lmr/m/n/10.95 (\OML/lmm/m/it/10
.95 b[]\OT1/lmr/m/n/10.95 (\OML/lmm/m/it/10.95 Y\OT1/lmr/m/n/10.95 ))[])[] + []
((\OML/lmm/m/it/10.95 b[]\OT1/lmr/m/n/10.95 (\OML/lmm/m/it/10.95 X\OT1/lmr/m/n/
10.95 ))[] \OMS/lmsy/m/n/10.95 ^^@ \OT1/lmr/m/n/10.95 (\OML/lmm/m/it/10.95 b[]\
OT1/lmr/m/n/10.95 (\OML/lmm/m/it/10.95 Y\OT1/lmr/m/n/10.95 ))[])[]
 []

[49] <Images/min-sep-example.pdf, id=1628, 325.215pt x 289.08pt>
File: Images/min-sep-example.pdf Graphic file (type pdf)

<use Images/min-sep-example.pdf>
<Images/ave-sep-example.pdf, id=1629, 325.215pt x 289.08pt>
File: Images/ave-sep-example.pdf Graphic file (type pdf)

<use Images/ave-sep-example.pdf>
<Images/mean-sep-example.pdf, id=1630, 325.215pt x 289.08pt>
File: Images/mean-sep-example.pdf Graphic file (type pdf)

<use Images/mean-sep-example.pdf>
\@tempboxb=\box59
 [50] [51 <./Images/min-sep-example.pdf> <./Images/ave-sep-example.pdf> <./Imag
es/mean-sep-example.pdf>]
<Images/dist-example.pdf, id=1681, 397.485pt x 361.35pt>
File: Images/dist-example.pdf Graphic file (type pdf)

<use Images/dist-example.pdf>
<Images/dist-metric.pdf, id=1682, 325.215pt x 289.08pt>
File: Images/dist-metric.pdf Graphic file (type pdf)

<use Images/dist-metric.pdf>
\@tempboxb=\box60

<Images/dist-example-2.pdf, id=1683, 397.485pt x 361.35pt>
File: Images/dist-example-2.pdf Graphic file (type pdf)

<use Images/dist-example-2.pdf>
<Images/dist-metric-2.pdf, id=1684, 325.215pt x 289.08pt>
File: Images/dist-metric-2.pdf Graphic file (type pdf)

<use Images/dist-metric-2.pdf>
\@tempboxb=\box61
 [52] [53 <./Images/dist-example.pdf> <./Images/dist-metric.pdf>] [54 <./Images
/dist-example-2.pdf> <./Images/dist-metric-2.pdf>] <Images/plot-type-sca.pdf, i
d=1735, 397.485pt x 361.35pt>
File: Images/plot-type-sca.pdf Graphic file (type pdf)

<use Images/plot-type-sca.pdf>
<Images/plot-type-reg-line.pdf, id=1736, 397.485pt x 361.35pt>
File: Images/plot-type-reg-line.pdf Graphic file (type pdf)

<use Images/plot-type-reg-line.pdf>
\@tempboxb=\box62
 [55] [56 <./Images/plot-type-sca.pdf> <./Images/plot-type-reg-line.pdf>]

Package natbib Warning: Citation `majumder:2011' on page 57 undefined on input 
line 594.


Underfull \hbox (badness 10000) in paragraph at lines 598--599

 []

[57] <Images/turk1-example.pdf, id=1777, 397.485pt x 361.35pt>
File: Images/turk1-example.pdf Graphic file (type pdf)

<use Images/turk1-example.pdf>
\@tempboxb=\box63

<Images/turk1-prop-box-bin.pdf, id=1779, 614.295pt x 289.08pt>
File: Images/turk1-prop-box-bin.pdf Graphic file (type pdf)

<use Images/turk1-prop-box-bin.pdf>
<Images/turk1-grtr-box-bin.pdf, id=1780, 614.295pt x 289.08pt>
File: Images/turk1-grtr-box-bin.pdf Graphic file (type pdf)

<use Images/turk1-grtr-box-bin.pdf>
\@tempboxb=\box64
 [58] [59 <./Images/turk1-example.pdf>]
[60 <./Images/turk1-prop-box-bin.pdf> <./Images/turk1-grtr-box-bin.pdf>]
<Images/turk1-mtime-box-bin.pdf, id=1819, 614.295pt x 289.08pt>
File: Images/turk1-mtime-box-bin.pdf Graphic file (type pdf)

<use Images/turk1-mtime-box-bin.pdf>
\@tempboxb=\box65

<Images/lineup-high-prop-neg-diff.pdf, id=1824, 325.215pt x 289.08pt>
File: Images/lineup-high-prop-neg-diff.pdf Graphic file (type pdf)

<use Images/lineup-high-prop-neg-diff.pdf>
<Images/distribution-box-dist-exp1.pdf, id=1825, 325.215pt x 289.08pt>
File: Images/distribution-box-dist-exp1.pdf Graphic file (type pdf)

<use Images/distribution-box-dist-exp1.pdf>
<Images/distribution-bin-dist-2-8-exp1.pdf, id=1826, 325.215pt x 289.08pt>
File: Images/distribution-bin-dist-2-8-exp1.pdf Graphic file (type pdf)

<use Images/distribution-bin-dist-2-8-exp1.pdf>
<Images/distribution-bin-dist-2-2-exp1.pdf, id=1827, 325.215pt x 289.08pt>
File: Images/distribution-bin-dist-2-2-exp1.pdf Graphic file (type pdf)

<use Images/distribution-bin-dist-2-2-exp1.pdf>
\@tempboxb=\box66
 [61 <./Images/turk1-mtime-box-bin.pdf>] [62 <./Images/lineup-high-prop-neg-dif
f.pdf> <./Images/distribution-box-dist-exp1.pdf> <./Images/distribution-bin-dis
t-2-8-exp1.pdf> <./Images/distribution-bin-dist-2-2-exp1.pdf>]

LaTeX Warning: Reference `lineup-example,dist,turk2' on page 63 undefined on in
put line 708.

<Images/turk2-example.pdf, id=1878, 397.485pt x 361.35pt>
File: Images/turk2-example.pdf Graphic file (type pdf)

<use Images/turk2-example.pdf>
\@tempboxb=\box67

<Images/turk2-prop-reg-bin.pdf, id=1880, 614.295pt x 289.08pt>
File: Images/turk2-prop-reg-bin.pdf Graphic file (type pdf)

<use Images/turk2-prop-reg-bin.pdf>
<Images/turk2-grtr-reg-bin.pdf, id=1881, 614.295pt x 289.08pt>
File: Images/turk2-grtr-reg-bin.pdf Graphic file (type pdf)

<use Images/turk2-grtr-reg-bin.pdf>
\@tempboxb=\box68
 [63] [64 <./Images/turk2-example.pdf>]
[65 <./Images/turk2-prop-reg-bin.pdf> <./Images/turk2-grtr-reg-bin.pdf>]
<Images/turk2-mtime-reg-bin.pdf, id=1921, 614.295pt x 289.08pt>
File: Images/turk2-mtime-reg-bin.pdf Graphic file (type pdf)

<use Images/turk2-mtime-reg-bin.pdf>
\@tempboxb=\box69
 [66 <./Images/turk2-mtime-reg-bin.pdf>]
<Images/lineup-exp2-neg-diff-large-prop.pdf, id=1936, 325.215pt x 289.08pt>
File: Images/lineup-exp2-neg-diff-large-prop.pdf Graphic file (type pdf)

<use Images/lineup-exp2-neg-diff-large-prop.pdf>
<Images/distribution-reg-dist-exp2.pdf, id=1937, 325.215pt x 289.08pt>
File: Images/distribution-reg-dist-exp2.pdf Graphic file (type pdf)

<use Images/distribution-reg-dist-exp2.pdf>
<Images/distribution-bin-dist-2-2-exp2.pdf, id=1938, 325.215pt x 289.08pt>
File: Images/distribution-bin-dist-2-2-exp2.pdf Graphic file (type pdf)

<use Images/distribution-bin-dist-2-2-exp2.pdf>
<Images/distribution-bin-dist-8-2-exp2.pdf, id=1939, 325.215pt x 289.08pt>
File: Images/distribution-bin-dist-8-2-exp2.pdf Graphic file (type pdf)

<use Images/distribution-bin-dist-8-2-exp2.pdf>
<Images/distribution-reg-no-int-dist-exp2.pdf, id=1940, 325.215pt x 289.08pt>
File: Images/distribution-reg-no-int-dist-exp2.pdf Graphic file (type pdf)

<use Images/distribution-reg-no-int-dist-exp2.pdf>
<Images/distribution-pval-exp2.pdf, id=1941, 325.215pt x 289.08pt>
File: Images/distribution-pval-exp2.pdf Graphic file (type pdf)

<use Images/distribution-pval-exp2.pdf>
\@tempboxb=\box70


LaTeX Warning: Float too large for page by 47.34299pt on input line 802.


Package hyperref Warning: Token not allowed in a PDFDocEncoded string,
(hyperref)                removing `math shift' on input line 819.


Package hyperref Warning: Token not allowed in a PDFDocEncoded string,
(hyperref)                removing `math shift' on input line 819.


Package hyperref Warning: Token not allowed in a PDFDocEncoded string,
(hyperref)                removing `math shift' on input line 819.


Package hyperref Warning: Token not allowed in a PDFDocEncoded string,
(hyperref)                removing `math shift' on input line 819.

<Images/largep-example.pdf, id=1945, 547.09662pt x 467.85318pt>
File: Images/largep-example.pdf Graphic file (type pdf)

<use Images/largep-example.pdf>
\@tempboxb=\box71

<Images/largep-prop-sep-bin.pdf, id=1947, 614.295pt x 289.08pt>
File: Images/largep-prop-sep-bin.pdf Graphic file (type pdf)

<use Images/largep-prop-sep-bin.pdf>
<Images/largep-grtr-sep-bin.pdf, id=1948, 614.295pt x 289.08pt>
File: Images/largep-grtr-sep-bin.pdf Graphic file (type pdf)

<use Images/largep-grtr-sep-bin.pdf>
\@tempboxb=\box72
 [67] [68 <./Images/lineup-exp2-neg-diff-large-prop.pdf> <./Images/distribution
-reg-dist-exp2.pdf> <./Images/distribution-bin-dist-2-2-exp2.pdf> <./Images/dis
tribution-bin-dist-8-2-exp2.pdf> <./Images/distribution-reg-no-int-dist-exp2.pd
f> <./Images/distribution-pval-exp2.pdf>]
[69 <./Images/largep-example.pdf>] [70 <./Images/largep-prop-sep-bin.pdf> <./Im
ages/largep-grtr-sep-bin.pdf>]
<Images/largep-mtime-sep-bin.pdf, id=2369, 614.295pt x 289.08pt>
File: Images/largep-mtime-sep-bin.pdf Graphic file (type pdf)

<use Images/largep-mtime-sep-bin.pdf>
\@tempboxb=\box73

<Images/lineup-large-p-small-n.pdf, id=2371, 325.215pt x 289.08pt>
File: Images/lineup-large-p-small-n.pdf Graphic file (type pdf)

<use Images/lineup-large-p-small-n.pdf>
<Images/distribution-bin-dist-6-4-lpexp.pdf, id=2372, 325.215pt x 289.08pt>
File: Images/distribution-bin-dist-6-4-lpexp.pdf Graphic file (type pdf)

<use Images/distribution-bin-dist-6-4-lpexp.pdf>
<Images/distribution-min-sep-dist-lpexp.pdf, id=2373, 325.215pt x 289.08pt>
File: Images/distribution-min-sep-dist-lpexp.pdf Graphic file (type pdf)

<use Images/distribution-min-sep-dist-lpexp.pdf>
<Images/distribution-ave-sep-dist-lpexp.pdf, id=2374, 325.215pt x 289.08pt>
File: Images/distribution-ave-sep-dist-lpexp.pdf Graphic file (type pdf)

<use Images/distribution-ave-sep-dist-lpexp.pdf>
\@tempboxb=\box74
 [71 <./Images/largep-mtime-sep-bin.pdf>] [72 <./Images/lineup-large-p-small-n.
pdf> <./Images/distribution-bin-dist-6-4-lpexp.pdf> <./Images/distribution-min-
sep-dist-lpexp.pdf> <./Images/distribution-ave-sep-dist-lpexp.pdf>] [73]) [74]
\openout2 = `Body/chapter4.aux'.

 (./Body/chapter4.tex
CHAPTER\  4.

Underfull \hbox (badness 10000) in paragraph at lines 14--15

 []


Overfull \vbox (7.46487pt too high) has occurred while \output is active []


[75



] [76] [77]
LaTeX Font Info:    Try loading font information for TS1+lmtt on input line 184
.
 (/usr/local/texlive/2007/texmf-dist/tex/latex/lm/ts1lmtt.fd
File: ts1lmtt.fd 2007/01/14 v1.3 Font defs for Latin Modern
)
Package microtype Info: Character `texttrademark ' is missing in font
(microtype)             `TS1/lmtt/m/n/10.95'. Ignoring protrusion settings
(microtype)             for this character.

[78] [79] [80]
Overfull \hbox (11.98885pt too wide) in paragraph at lines 294--294
[]\T1/lmtt/m/n/10.95 > qplot(mpg, wt, data = lineup(null_permute("mpg"), mtcars
)) + facet_wrap(~ .sample)[] 
 []

<Images/nullabor-lineup.pdf, id=2469, 397.485pt x 361.35pt>
File: Images/nullabor-lineup.pdf Graphic file (type pdf)

<use Images/nullabor-lineup.pdf>
\@tempboxb=\box75
 [81] [82 <./Images/nullabor-lineup.pdf>]
<Images/nullabor-rorschach.pdf, id=2485, 397.485pt x 361.35pt>
File: Images/nullabor-rorschach.pdf Graphic file (type pdf)

<use Images/nullabor-rorschach.pdf>
\@tempboxb=\box76
 [83] [84 <./Images/nullabor-rorschach.pdf>] [85] [86] <Images/nullabor-reg-ex.
pdf, id=2509, 397.485pt x 361.35pt>
File: Images/nullabor-reg-ex.pdf Graphic file (type pdf)

<use Images/nullabor-reg-ex.pdf>
Overfull \hbox (7.2246pt too wide) in paragraph at lines 571--572
 [] 
 []

\@tempboxb=\box77
[87] [88 <./Images/nullabor-reg-ex.pdf>]
Overfull \hbox (4.48639pt too wide) in paragraph at lines 642--646
[]\T1/lmr/m/n/10.95 (-20) The mean dis-tances for each plot in the lineup are o
b-tained us-ing \T1/lmtt/m/n/10.95 "calc_mean_dist"\T1/lmr/m/n/10.95 (-20) .\T1
/lmtt/m/n/10.95 "calc_diff"
 []

[89]
Overfull \hbox (10.26422pt too wide) in paragraph at lines 722--722
[]\T1/lmtt/m/n/10.95 > opt.diff <- opt_bin_diff(lineup.dat, var = c(\TS1/lmtt/m
/n/10.95 '\T1/lmtt/m/n/10.95 mpg\TS1/lmtt/m/n/10.95 '\T1/lmtt/m/n/10.95 , \TS1/
lmtt/m/n/10.95 '\T1/lmtt/m/n/10.95 wt\TS1/lmtt/m/n/10.95 '\T1/lmtt/m/n/10.95 ),
 2, 10, 2, 10, pos = 10,[] 
 []

[90] <Images/nullabor-opt-bin.pdf, id=2535, 397.485pt x 361.35pt>
File: Images/nullabor-opt-bin.pdf Graphic file (type pdf)

<use Images/nullabor-opt-bin.pdf>
\@tempboxb=\box78
 [91 <./Images/nullabor-opt-bin.pdf>]
Overfull \hbox (39.00789pt too wide) in paragraph at lines 870--870
[]\T1/lmtt/m/n/10.95 > dist.vals1 <- distmet(lineup.dat, var = c(\TS1/lmtt/m/n/
10.95 '\T1/lmtt/m/n/10.95 mpg\TS1/lmtt/m/n/10.95 '\T1/lmtt/m/n/10.95 , \TS1/lmt
t/m/n/10.95 '\T1/lmtt/m/n/10.95 wt\TS1/lmtt/m/n/10.95 '\T1/lmtt/m/n/10.95 ),\TS
1/lmtt/m/n/10.95 '\T1/lmtt/m/n/10.95 reg_dist\TS1/lmtt/m/n/10.95 '\T1/lmtt/m/n/
10.95 , null_permute(\TS1/lmtt/m/n/10.95 '\T1/lmtt/m/n/10.95 mpg\TS1/lmtt/m/n/1
0.95 '\T1/lmtt/m/n/10.95 ),[] 
 []

[92] [93] <Images/nullabor-distr-reg.pdf, id=2559, 325.215pt x 289.08pt>
File: Images/nullabor-distr-reg.pdf Graphic file (type pdf)

<use Images/nullabor-distr-reg.pdf>
\@tempboxb=\box79
 [94 <./Images/nullabor-distr-reg.pdf>]
Overfull \hbox (44.75662pt too wide) in paragraph at lines 916--916
[]\T1/lmtt/m/n/10.95 > dist.vals2 <- distmet(lineup.dat, var = c(\TS1/lmtt/m/n/
10.95 '\T1/lmtt/m/n/10.95 mpg\TS1/lmtt/m/n/10.95 '\T1/lmtt/m/n/10.95 , \TS1/lmt
t/m/n/10.95 '\T1/lmtt/m/n/10.95 wt\TS1/lmtt/m/n/10.95 '\T1/lmtt/m/n/10.95 ), \T
S1/lmtt/m/n/10.95 '\T1/lmtt/m/n/10.95 bin_dist\TS1/lmtt/m/n/10.95 '\T1/lmtt/m/n
/10.95 , null_permute(\TS1/lmtt/m/n/10.95 '\T1/lmtt/m/n/10.95 mpg\TS1/lmtt/m/n/
10.95 '\T1/lmtt/m/n/10.95 ),[] 
 []


Overfull \hbox (23.48631pt too wide) in paragraph at lines 916--916
[]\T1/lmtt/m/n/10.95 pos = 10, repl = 1000, dist.arg = list(lineup.dat = lineup
.dat, X.bin = 6, Y.bin = 6))[] 
 []

<Images/nullabor-distr-bin-1.pdf, id=2574, 325.215pt x 289.08pt>
File: Images/nullabor-distr-bin-1.pdf Graphic file (type pdf)

<use Images/nullabor-distr-bin-1.pdf>
\@tempboxb=\box80
 [95 <./Images/nullabor-distr-bin-1.pdf>]
Overfull \hbox (44.75662pt too wide) in paragraph at lines 934--934
[]\T1/lmtt/m/n/10.95 > dist.vals3 <- distmet(lineup.dat, var = c(\TS1/lmtt/m/n/
10.95 '\T1/lmtt/m/n/10.95 mpg\TS1/lmtt/m/n/10.95 '\T1/lmtt/m/n/10.95 , \TS1/lmt
t/m/n/10.95 '\T1/lmtt/m/n/10.95 wt\TS1/lmtt/m/n/10.95 '\T1/lmtt/m/n/10.95 ), \T
S1/lmtt/m/n/10.95 '\T1/lmtt/m/n/10.95 bin_dist\TS1/lmtt/m/n/10.95 '\T1/lmtt/m/n
/10.95 , null_permute(\TS1/lmtt/m/n/10.95 '\T1/lmtt/m/n/10.95 mpg\TS1/lmtt/m/n/
10.95 '\T1/lmtt/m/n/10.95 ),[] 
 []


Overfull \hbox (23.48631pt too wide) in paragraph at lines 934--934
[]\T1/lmtt/m/n/10.95 pos = 10, repl = 1000, dist.arg = list(lineup.dat = lineup
.dat, X.bin = 3, Y.bin = 2))[] 
 []

<Images/nullabor-distr-bin-2.pdf, id=2588, 325.215pt x 289.08pt>
File: Images/nullabor-distr-bin-2.pdf Graphic file (type pdf)

<use Images/nullabor-distr-bin-2.pdf>
\@tempboxb=\box81
) [96 <./Images/nullabor-distr-bin-2.pdf>]
\openout2 = `Body/conclusions.aux'.

(./Body/conclusions.tex
CHAPTER\  5.

Overfull \vbox (7.46487pt too high) has occurred while \output is active []


[97



]) [98]
\openout2 = `Appendix/appendix1.aux'.

 (./Appendix/appendix1.tex
APPENDIX\  A.

Overfull \vbox (6.89548pt too high) has occurred while \output is active []


[99



]
Overfull \hbox (6.37955pt too wide) in paragraph at lines 47--49
\T1/lmr/m/n/10.95 (-20) giving $[][] \OMS/lmsy/m/n/10.95 ^^@ [][] ^^X []\OT1/lm
r/m/n/10.95 (-20) (2\OML/lmm/m/it/10.95 c; \OT1/lmr/m/n/10.95 (-20) 2\OML/lmm/m
/it/10.95 =\OT1/lmr/m/n/10.95 (-20) 15)$\T1/lmr/m/n/10.95 (-20) . Then de-fine 
$[] \OT1/lmr/m/n/10.95 (-20) = \OMS/lmsy/m/n/10.95 j[][] ^^@ [][]j$ \T1/lmr/m/n
/10.95 (-20) where $[] \OMS/lmsy/m/n/10.95 ^^X []$
 []

[100] <Images/sum-noise-real-2-rev.pdf, id=2632, 505.89pt x 505.89pt>
File: Images/sum-noise-real-2-rev.pdf Graphic file (type pdf)

<use Images/sum-noise-real-2-rev.pdf>
\@tempboxb=\box82
 [101] [102 <./Images/sum-noise-real-2-rev.pdf>]
\@tempboxb=\box83
) [103]
\openout2 = `Reference/bibtex.aux'.

 (./Reference/bibtex.tex (./thesis.bbl
Overfull \hbox (9.0pt too wide) in paragraph at lines 1--1
 []   [] 
 []


Overfull \vbox (7.46487pt too high) has occurred while \output is active []


[104



] [105] [106])) [107]

Package natbib Warning: There were undefined citations.

(./thesis.aux (./Preface/titlepage.aux) (./Preface/dedication.aux)
(./Preface/acknowl.aux) (./Preface/abstract.aux) (./Body/chapter1.aux)
(./Body/chapter2.aux) (./Body/chapter3.aux) (./Body/chapter4.aux)
(./Body/conclusions.aux) (./Appendix/appendix1.aux) (./Reference/bibtex.aux))

LaTeX Warning: There were undefined references.


LaTeX Warning: There were multiply-defined labels.

 ) 
Here is how much of TeX's memory you used:
 9647 strings out of 94073
 142644 string characters out of 1162984
 259167 words of memory out of 1500000
 12181 multiletter control sequences out of 10000+50000
 77148 words of font info for 94 fonts, out of 1200000 for 2000
 645 hyphenation exceptions out of 8191
 36i,18n,41p,2295b,462s stack positions out of 5000i,500n,6000p,200000b,5000s
{/usr/local/texlive/2007/texmf-dist/fonts/enc/dvips/lm/lm-ec.enc}{/usr/local/
texlive/2007/texmf-dist/fonts/enc/dvips/lm/lm-ts1.enc}{/usr/local/texlive/2007/
texmf-dist/fonts/enc/dvips/lm/lm-rm.enc}{/usr/local/texlive/2007/texmf-dist/fon
ts/enc/dvips/lm/lm-mathit.enc}{/usr/local/texlive/2007/texmf-dist/fonts/enc/dvi
ps/lm/lm-mathsy.enc}{/usr/local/texlive/2007/texmf-dist/fonts/enc/dvips/lm/lm-m
athex.enc}</usr/local/texlive/2007/texmf-dist/fonts/type1/public/lm/lmbx10.pfb>
</usr/local/texlive/2007/texmf-dist/fonts/type1/public/lm/lmbx12.pfb></usr/loca
l/texlive/2007/texmf-dist/fonts/type1/public/lm/lmbx8.pfb></usr/local/texlive/2
007/texmf-dist/fonts/type1/public/lm/lmbx9.pfb></usr/local/texlive/2007/texmf-d
ist/fonts/type1/public/lm/lmex10.pfb></usr/local/texlive/2007/texmf-dist/fonts/
type1/public/lm/lmmi10.pfb></usr/local/texlive/2007/texmf-dist/fonts/type1/publ
ic/lm/lmmi6.pfb></usr/local/texlive/2007/texmf-dist/fonts/type1/public/lm/lmmi8
.pfb></usr/local/texlive/2007/texmf-dist/fonts/type1/public/lm/lmmi9.pfb></usr/
local/texlive/2007/texmf-dist/fonts/type1/public/lm/lmr10.pfb></usr/local/texli
ve/2007/texmf-dist/fonts/type1/public/lm/lmr12.pfb></usr/local/texlive/2007/tex
mf-dist/fonts/type1/public/lm/lmr6.pfb></usr/local/texlive/2007/texmf-dist/font
s/type1/public/lm/lmr8.pfb></usr/local/texlive/2007/texmf-dist/fonts/type1/publ
ic/lm/lmr9.pfb></usr/local/texlive/2007/texmf-dist/fonts/type1/public/lm/lmri10
.pfb></usr/local/texlive/2007/texmf-dist/fonts/type1/public/lm/lmri12.pfb></usr
/local/texlive/2007/texmf-dist/fonts/type1/public/lm/lmsy10.pfb></usr/local/tex
live/2007/texmf-dist/fonts/type1/public/lm/lmsy8.pfb></usr/local/texlive/2007/t
exmf-dist/fonts/type1/public/lm/lmsy9.pfb></usr/local/texlive/2007/texmf-dist/f
onts/type1/public/lm/lmtt10.pfb>
Output written on thesis.pdf (123 pages, 3248342 bytes).
PDF statistics:
 2820 PDF objects out of 2984 (max. 8388607)
 312 named destinations out of 1000 (max. 131072)
 23513 words of extra memory for PDF output out of 24883 (max. 10000000)

