\BOOKMARK [1][-]{table.1}{TABLE OF CONTENTS}{}
\BOOKMARK [0][-]{section*.3}{LIST OF TABLES}{}
\BOOKMARK [0][-]{section*.5}{LIST OF FIGURES}{}
\BOOKMARK [0][-]{section*.7}{ACKNOWLEDGEMENTS}{}
\BOOKMARK [0][-]{section*.8}{ABSTRACT}{}
\BOOKMARK [0][-]{chapter.9}{1. INTRODUCTION}{}
\BOOKMARK [1][-]{section.10}{1.1 Background}{chapter.9}
\BOOKMARK [1][-]{section.11}{1.2 Review of Hypothesis Testing}{chapter.9}
\BOOKMARK [1][-]{section.13}{1.3 Introduction to Visual Inference}{chapter.9}
\BOOKMARK [2][-]{subsection.14}{1.3.1 Protocols of Visual Inference}{section.13}
\BOOKMARK [1][-]{section.18}{1.4 Overview}{chapter.9}
\BOOKMARK [1][-]{section.19}{1.5 Scope of my Research}{chapter.9}
\BOOKMARK [0][-]{chapter.20}{2. USING VISUAL STATISTICAL INFERENCE TO BETTER UNDERSTAND RANDOM CLASS SEPARATIONS IN HIGH DIMENSION, LOW SAMPLE SIZE DATA}{}
\BOOKMARK [1][-]{section.22}{2.1 Introduction}{chapter.20}
\BOOKMARK [1][-]{section.24}{2.2 Visual inference methods}{chapter.20}
\BOOKMARK [1][-]{section.27}{2.3 Dimension reduction}{chapter.20}
\BOOKMARK [1][-]{section.32}{2.4 Amazon Turk experiments}{chapter.20}
\BOOKMARK [1][-]{section.33}{2.5 Wasps application}{chapter.20}
\BOOKMARK [1][-]{section.42}{2.6 Follow-up simulation experiment}{chapter.20}
\BOOKMARK [2][-]{subsection.43}{2.6.1 Experimental design}{section.42}
\BOOKMARK [2][-]{subsection.45}{2.6.2 Simulation process}{section.42}
\BOOKMARK [2][-]{subsection.46}{2.6.3 Producing lineups}{section.42}
\BOOKMARK [2][-]{subsection.52}{2.6.4 Data collection}{section.42}
\BOOKMARK [1][-]{section.53}{2.7 Results}{chapter.20}
\BOOKMARK [2][-]{subsection.54}{2.7.1 Effect of experimental factors on detection rate}{section.53}
\BOOKMARK [2][-]{subsection.57}{2.7.2 Time taken to respond under different treatments}{section.53}
\BOOKMARK [2][-]{subsection.59}{2.7.3 What affects decisions?}{section.53}
\BOOKMARK [2][-]{subsection.63}{2.7.4 How do the null plots affect choices?}{section.53}
\BOOKMARK [1][-]{section.69}{2.8 Conclusions}{chapter.20}
\BOOKMARK [0][-]{chapter.71}{3. UTILIZING DISTANCE METRICS ON LINEUPS TO EXAMINE WHAT PEOPLE READ FROM DATA PLOTS}{}
\BOOKMARK [1][-]{section.73}{3.1 Introduction}{chapter.71}
\BOOKMARK [1][-]{section.78}{3.2 Experimental Data}{chapter.71}
\BOOKMARK [1][-]{section.80}{3.3 Null Generating Mechanism}{chapter.71}
\BOOKMARK [1][-]{section.81}{3.4 Distance Measures}{chapter.71}
\BOOKMARK [1][-]{section.89}{3.5 Distance Metric Distribution}{chapter.71}
\BOOKMARK [1][-]{section.100}{3.6 Effect of Plot Type and Question of Interest }{chapter.71}
\BOOKMARK [1][-]{section.104}{3.7 Metric Evaluation}{chapter.71}
\BOOKMARK [1][-]{section.108}{3.8 Results}{chapter.71}
\BOOKMARK [2][-]{subsection.109}{3.8.1 Turk Experiment 1 -- Side by Side Boxplots}{section.108}
\BOOKMARK [2][-]{subsection.120}{3.8.2 Turk Experiment 2 -- Scatterplots with an Overlaid Regression Line}{section.108}
\BOOKMARK [2][-]{subsection.133}{3.8.3 Turk Experiment 7 -- Large p, Small n Data}{section.108}
\BOOKMARK [1][-]{section.144}{3.9 Conclusion}{chapter.71}
\BOOKMARK [0][-]{chapter.146}{4. NULLABOR: AN R PACKAGE FOR VISUAL STATISTICAL INFERENCE}{}
\BOOKMARK [1][-]{section.148}{4.1 Introduction}{chapter.146}
\BOOKMARK [1][-]{section.149}{4.2 Null generating mechanisms}{chapter.146}
\BOOKMARK [2][-]{subsection.150}{4.2.1 Generate null data with a specific distribution}{section.149}
\BOOKMARK [2][-]{subsection.151}{4.2.2 Generate null data by permuting a variable}{section.149}
\BOOKMARK [2][-]{subsection.152}{4.2.3 Generate null data with null residuals from a model}{section.149}
\BOOKMARK [1][-]{section.153}{4.3 Protocols}{chapter.146}
\BOOKMARK [2][-]{subsection.154}{4.3.1 The lineup protocol}{section.153}
\BOOKMARK [2][-]{subsection.156}{4.3.2 The Rorschach protocol}{section.153}
\BOOKMARK [1][-]{section.158}{4.4 Distance metrics}{chapter.146}
\BOOKMARK [2][-]{subsection.159}{4.4.1 Distance for univariate data}{section.158}
\BOOKMARK [2][-]{subsection.160}{4.4.2 Distance based on regression parameters}{section.158}
\BOOKMARK [2][-]{subsection.161}{4.4.3 Distance based on boxplots}{section.158}
\BOOKMARK [2][-]{subsection.162}{4.4.4 Distance based on separation}{section.158}
\BOOKMARK [2][-]{subsection.163}{4.4.5 Binned Distance}{section.158}
\BOOKMARK [1][-]{section.164}{4.5 Calculation of mean distances and difference}{chapter.146}
\BOOKMARK [2][-]{subsection.165}{4.5.1 Calculating the mean distances for the plots in the lineup}{section.164}
\BOOKMARK [2][-]{subsection.167}{4.5.2 Calculating difference measure for lineups}{section.164}
\BOOKMARK [1][-]{section.168}{4.6 Selection of bins}{chapter.146}
\BOOKMARK [1][-]{section.170}{4.7 Distribution of distance metrics}{chapter.146}
\BOOKMARK [2][-]{subsection.171}{4.7.1 Empirical distribution of distance metrics}{section.170}
\BOOKMARK [2][-]{subsection.172}{4.7.2 Plotting the empirical distribution of the distance metric}{section.170}
\BOOKMARK [0][-]{chapter.176}{5. GENERAL CONCLUSIONS}{}
\BOOKMARK [1][-]{section.177}{5.1 General discussion}{chapter.176}
\BOOKMARK [1][-]{section.178}{5.2 Possibilities for future research}{chapter.176}
\BOOKMARK [0][-]{appendix.181}{A. SUPPLEMENTARY MATERIALS OF CHAPTER 2}{}
\BOOKMARK [1][-]{section.182}{A.1 Solutions to the Lineups}{appendix.181}
\BOOKMARK [1][-]{section.183}{A.2 Choice of dimensions}{appendix.181}
\BOOKMARK [0][-]{section*.186}{BIBLIOGRAPHY}{}
